\BOOKMARK [1][-]{section.1}{Axioms of Probability}{}% 1
\BOOKMARK [2][-]{subsection.1.1}{Boolean Logic}{section.1}% 2
\BOOKMARK [2][-]{subsection.1.2}{Independent Events}{section.1}% 3
\BOOKMARK [2][-]{subsection.1.3}{Conditional Probability}{section.1}% 4
\BOOKMARK [1][-]{section.2}{Sum of Independent Random Variables}{}% 5
\BOOKMARK [2][-]{subsection.2.1}{The Uniform Distribution}{section.2}% 6
\BOOKMARK [1][-]{section.3}{Cumulative Distribution Function}{}% 7
\BOOKMARK [2][-]{subsection.3.1}{The Bernoulli Distribution}{section.3}% 8
\BOOKMARK [2][-]{subsection.3.2}{The Binomial Distribution}{section.3}% 9
\BOOKMARK [1][-]{section.4}{Central Limit Theorem: Gaussian Distribution}{}% 10
\BOOKMARK [2][-]{subsection.4.1}{Bernoulli to Gaussian}{section.4}% 11
\BOOKMARK [2][-]{subsection.4.2}{Uniform to Gaussian}{section.4}% 12
\BOOKMARK [1][-]{section.5}{Stochastic Geometry}{}% 13
\BOOKMARK [1][-]{section.6}{Transformation of Variables}{}% 14
\BOOKMARK [2][-]{subsection.6.1}{Using Definition}{section.6}% 15
\BOOKMARK [2][-]{subsection.6.2}{Using Jacobian}{section.6}% 16
\BOOKMARK [1][-]{section.7}{Conditional Probability}{}% 17
\BOOKMARK [1][-]{section.8}{Two Dimensions}{}% 18
\BOOKMARK [1][-]{section.9}{Transform Domain: Moment Generating Function}{}% 19
\BOOKMARK [1][-]{section.10}{Uniform to Other: Quantile function}{}% 20
\BOOKMARK [1][-]{section.11}{Miscellaneous Distributions}{}% 21
