\BOOKMARK [1][-]{section.1}{Points and Vectors}{}% 1
\BOOKMARK [2][-]{subsection.1.1}{Vector Algebra}{section.1}% 2
\BOOKMARK [2][-]{subsection.1.2}{Triangle}{section.1}% 3
\BOOKMARK [2][-]{subsection.1.3}{Quadrilateral}{section.1}% 4
\BOOKMARK [2][-]{subsection.1.4}{Vector Calculus}{section.1}% 5
\BOOKMARK [2][-]{subsection.1.5}{Vector Inequalities}{section.1}% 6
\BOOKMARK [1][-]{section.2}{Linear Forms}{}% 7
\BOOKMARK [2][-]{subsection.2.1}{Line}{section.2}% 8
\BOOKMARK [2][-]{subsection.2.2}{Plane}{section.2}% 9
\BOOKMARK [2][-]{subsection.2.3}{Pseudo Inverse}{section.2}% 10
\BOOKMARK [1][-]{section.3}{Quadratic Forms}{}% 11
\BOOKMARK [2][-]{subsection.3.1}{Introduction}{section.3}% 12
\BOOKMARK [2][-]{subsection.3.2}{Tangents and Normals}{section.3}% 13
\BOOKMARK [2][-]{subsection.3.3}{Circle}{section.3}% 14
\BOOKMARK [2][-]{subsection.3.4}{Ellipse}{section.3}% 15
\BOOKMARK [2][-]{subsection.3.5}{Hyperbola}{section.3}% 16
\BOOKMARK [2][-]{subsection.3.6}{Parabola}{section.3}% 17
\BOOKMARK [1][-]{section.4}{Matrix Decompositions}{}% 18
\BOOKMARK [2][-]{subsection.4.1}{QR Decomposition}{section.4}% 19
\BOOKMARK [2][-]{subsection.4.2}{Singular Value Decomposition}{section.4}% 20
\BOOKMARK [1][-]{section.5}{Optimization}{}% 21
\BOOKMARK [2][-]{subsection.5.1}{Introduction}{section.5}% 22
\BOOKMARK [2][-]{subsection.5.2}{Convex Function}{section.5}% 23
\BOOKMARK [2][-]{subsection.5.3}{Gradient Descent}{section.5}% 24
\BOOKMARK [2][-]{subsection.5.4}{Lagrange Multipliers}{section.5}% 25
\BOOKMARK [2][-]{subsection.5.5}{Quadratic Programming}{section.5}% 26
\BOOKMARK [2][-]{subsection.5.6}{Semi Definite Programming}{section.5}% 27
\BOOKMARK [2][-]{subsection.5.7}{Linear Programming}{section.5}% 28
\BOOKMARK [1][-]{section*.37}{Appendix A: Proofs for the Conic Sections}{}% 29
