\BOOKMARK [1][-]{section.1}{Probability}{}% 1
\BOOKMARK [2][-]{subsection.1.1}{Examples}{section.1}% 2
\BOOKMARK [3][-]{subsubsection.1.1.1}{Problem 41}{subsection.1.1}% 3
\BOOKMARK [3][-]{subsubsection.1.1.2}{Solution}{subsection.1.1}% 4
\BOOKMARK [3][-]{subsubsection.1.1.3}{Problem 42}{subsection.1.1}% 5
\BOOKMARK [3][-]{subsubsection.1.1.4}{Solution}{subsection.1.1}% 6
\BOOKMARK [3][-]{subsubsection.1.1.5}{Problem 43}{subsection.1.1}% 7
\BOOKMARK [3][-]{subsubsection.1.1.6}{Solution}{subsection.1.1}% 8
\BOOKMARK [3][-]{subsubsection.1.1.7}{Problem 44}{subsection.1.1}% 9
\BOOKMARK [3][-]{subsubsection.1.1.8}{Solution}{subsection.1.1}% 10
\BOOKMARK [3][-]{subsubsection.1.1.9}{Problem 45}{subsection.1.1}% 11
\BOOKMARK [3][-]{subsubsection.1.1.10}{Solution}{subsection.1.1}% 12
\BOOKMARK [3][-]{subsubsection.1.1.11}{Problem 46}{subsection.1.1}% 13
\BOOKMARK [3][-]{subsubsection.1.1.12}{Solution}{subsection.1.1}% 14
\BOOKMARK [3][-]{subsubsection.1.1.13}{Problem 47}{subsection.1.1}% 15
\BOOKMARK [3][-]{subsubsection.1.1.14}{Solution}{subsection.1.1}% 16
\BOOKMARK [3][-]{subsubsection.1.1.15}{Problem 48}{subsection.1.1}% 17
\BOOKMARK [3][-]{subsubsection.1.1.16}{Solution}{subsection.1.1}% 18
\BOOKMARK [3][-]{subsubsection.1.1.17}{Problem 49}{subsection.1.1}% 19
\BOOKMARK [3][-]{subsubsection.1.1.18}{Solution}{subsection.1.1}% 20
\BOOKMARK [3][-]{subsubsection.1.1.19}{Problem 50}{subsection.1.1}% 21
\BOOKMARK [3][-]{subsubsection.1.1.20}{Solution}{subsection.1.1}% 22
\BOOKMARK [2][-]{subsection.1.2}{Exercise}{section.1}% 23
\BOOKMARK [3][-]{subsubsection.1.2.1}{Problem 121}{subsection.1.2}% 24
\BOOKMARK [3][-]{subsubsection.1.2.2}{Solution}{subsection.1.2}% 25
\BOOKMARK [3][-]{subsubsection.1.2.3}{Problem 122}{subsection.1.2}% 26
\BOOKMARK [3][-]{subsubsection.1.2.4}{Solution}{subsection.1.2}% 27
\BOOKMARK [3][-]{subsubsection.1.2.5}{Problem 123}{subsection.1.2}% 28
\BOOKMARK [3][-]{subsubsection.1.2.6}{Solution}{subsection.1.2}% 29
\BOOKMARK [3][-]{subsubsection.1.2.7}{Problem 125}{subsection.1.2}% 30
\BOOKMARK [3][-]{subsubsection.1.2.8}{Solution}{subsection.1.2}% 31
\BOOKMARK [3][-]{subsubsection.1.2.9}{Problem 126}{subsection.1.2}% 32
\BOOKMARK [3][-]{subsubsection.1.2.10}{Solution}{subsection.1.2}% 33
\BOOKMARK [3][-]{subsubsection.1.2.11}{Problem 127}{subsection.1.2}% 34
\BOOKMARK [3][-]{subsubsection.1.2.12}{Solution}{subsection.1.2}% 35
\BOOKMARK [3][-]{subsubsection.1.2.13}{Problem 128}{subsection.1.2}% 36
\BOOKMARK [3][-]{subsubsection.1.2.14}{Solution}{subsection.1.2}% 37
\BOOKMARK [3][-]{subsubsection.1.2.15}{Problem 129}{subsection.1.2}% 38
\BOOKMARK [3][-]{subsubsection.1.2.16}{Solution}{subsection.1.2}% 39
\BOOKMARK [3][-]{subsubsection.1.2.17}{Problem 130}{subsection.1.2}% 40
\BOOKMARK [3][-]{subsubsection.1.2.18}{Solution}{subsection.1.2}% 41
\BOOKMARK [1][-]{section.2}{Statistics}{}% 42
\BOOKMARK [2][-]{subsection.2.1}{Exercise}{section.2}% 43
\BOOKMARK [3][-]{subsubsection.2.1.1}{Problem 32}{subsection.2.1}% 44
\BOOKMARK [3][-]{subsubsection.2.1.2}{Solution}{subsection.2.1}% 45
\BOOKMARK [3][-]{subsubsection.2.1.3}{Problem 33}{subsection.2.1}% 46
\BOOKMARK [3][-]{subsubsection.2.1.4}{Solution}{subsection.2.1}% 47
\BOOKMARK [3][-]{subsubsection.2.1.5}{Problem 34}{subsection.2.1}% 48
\BOOKMARK [3][-]{subsubsection.2.1.6}{Solution}{subsection.2.1}% 49
\BOOKMARK [3][-]{subsubsection.2.1.7}{Problem 35}{subsection.2.1}% 50
\BOOKMARK [3][-]{subsubsection.2.1.8}{Solution}{subsection.2.1}% 51
\BOOKMARK [3][-]{subsubsection.2.1.9}{Problem 36}{subsection.2.1}% 52
\BOOKMARK [3][-]{subsubsection.2.1.10}{Solution}{subsection.2.1}% 53
\BOOKMARK [3][-]{subsubsection.2.1.11}{Problem 37}{subsection.2.1}% 54
\BOOKMARK [3][-]{subsubsection.2.1.12}{Solution}{subsection.2.1}% 55
\BOOKMARK [3][-]{subsubsection.2.1.13}{Problem 38}{subsection.2.1}% 56
\BOOKMARK [3][-]{subsubsection.2.1.14}{Solution}{subsection.2.1}% 57
\BOOKMARK [3][-]{subsubsection.2.1.15}{Problem 39}{subsection.2.1}% 58
\BOOKMARK [3][-]{subsubsection.2.1.16}{Solution}{subsection.2.1}% 59
\BOOKMARK [3][-]{subsubsection.2.1.17}{Problem 40}{subsection.2.1}% 60
\BOOKMARK [3][-]{subsubsection.2.1.18}{Solution}{subsection.2.1}% 61
\BOOKMARK [3][-]{subsubsection.2.1.19}{Problem 41}{subsection.2.1}% 62
\BOOKMARK [3][-]{subsubsection.2.1.20}{Solution}{subsection.2.1}% 63
