\BOOKMARK [1][-]{section.1}{Triangle}{}% 1
\BOOKMARK [2][-]{subsubsection.1.0.1}{Problem}{section.1}% 2
\BOOKMARK [2][-]{subsection.1.1}{Solution}{section.1}% 3
\BOOKMARK [1][-]{section.2}{Quadrilateral}{}% 4
\BOOKMARK [2][-]{subsection.2.1}{Problem}{section.2}% 5
\BOOKMARK [2][-]{subsection.2.2}{Solution}{section.2}% 6
\BOOKMARK [1][-]{section.3}{Line}{}% 7
\BOOKMARK [2][-]{subsection.3.1}{Point and Vector}{section.3}% 8
\BOOKMARK [3][-]{subsubsection.3.1.1}{Problem}{subsection.3.1}% 9
\BOOKMARK [3][-]{subsubsection.3.1.2}{Solution}{subsection.3.1}% 10
\BOOKMARK [2][-]{subsection.3.2}{Point on a line}{section.3}% 11
\BOOKMARK [3][-]{subsubsection.3.2.1}{Problem}{subsection.3.2}% 12
\BOOKMARK [3][-]{subsubsection.3.2.2}{Solution}{subsection.3.2}% 13
\BOOKMARK [2][-]{subsection.3.3}{Lines and Planes}{section.3}% 14
\BOOKMARK [3][-]{subsubsection.3.3.1}{Problem}{subsection.3.3}% 15
\BOOKMARK [3][-]{subsubsection.3.3.2}{Solution}{subsection.3.3}% 16
\BOOKMARK [2][-]{subsection.3.4}{Motion}{section.3}% 17
\BOOKMARK [3][-]{subsubsection.3.4.1}{Problem}{subsection.3.4}% 18
\BOOKMARK [3][-]{subsubsection.3.4.2}{Solution}{subsection.3.4}% 19
\BOOKMARK [2][-]{subsection.3.5}{Matrix}{section.3}% 20
\BOOKMARK [3][-]{subsubsection.3.5.1}{Problem}{subsection.3.5}% 21
\BOOKMARK [3][-]{subsubsection.3.5.2}{Solution}{subsection.3.5}% 22
\BOOKMARK [2][-]{subsection.3.6}{Determinents}{section.3}% 23
\BOOKMARK [3][-]{subsubsection.3.6.1}{Problem}{subsection.3.6}% 24
\BOOKMARK [3][-]{subsubsection.3.6.2}{Solution}{subsection.3.6}% 25
\BOOKMARK [2][-]{subsection.3.7}{Linear inequalities}{section.3}% 26
\BOOKMARK [3][-]{subsubsection.3.7.1}{Problem}{subsection.3.7}% 27
\BOOKMARK [3][-]{subsubsection.3.7.2}{Solution}{subsection.3.7}% 28
\BOOKMARK [1][-]{section.4}{Circle }{}% 29
\BOOKMARK [2][-]{subsection.4.1}{Problem}{section.4}% 30
\BOOKMARK [2][-]{subsection.4.2}{Solution}{section.4}% 31
\BOOKMARK [1][-]{section.5}{Conics}{}% 32
\BOOKMARK [2][-]{subsection.5.1}{Problem}{section.5}% 33
\BOOKMARK [2][-]{subsection.5.2}{Solution}{section.5}% 34
