\BOOKMARK [1][-]{section.1}{Triangle}{}% 1
\BOOKMARK [2][-]{subsection.1.1}{Problem}{section.1}% 2
\BOOKMARK [2][-]{subsection.1.2}{Solution}{section.1}% 3
\BOOKMARK [1][-]{section.2}{Quadrilateral}{}% 4
\BOOKMARK [2][-]{subsection.2.1}{Problem}{section.2}% 5
\BOOKMARK [2][-]{subsection.2.2}{Solution}{section.2}% 6
\BOOKMARK [1][-]{section.3}{Line exercises}{}% 7
\BOOKMARK [2][-]{subsection.3.1}{Complex numbers}{section.3}% 8
\BOOKMARK [3][-]{subsubsection.3.1.1}{Problem}{subsection.3.1}% 9
\BOOKMARK [3][-]{subsubsection.3.1.2}{Solution}{subsection.3.1}% 10
\BOOKMARK [2][-]{subsection.3.2}{Points and Vectors}{section.3}% 11
\BOOKMARK [3][-]{subsubsection.3.2.1}{Problem}{subsection.3.2}% 12
\BOOKMARK [3][-]{subsubsection.3.2.2}{Solution}{subsection.3.2}% 13
\BOOKMARK [2][-]{subsection.3.3}{Points on a line}{section.3}% 14
\BOOKMARK [3][-]{subsubsection.3.3.1}{Problem}{subsection.3.3}% 15
\BOOKMARK [3][-]{subsubsection.3.3.2}{Solution}{subsection.3.3}% 16
\BOOKMARK [2][-]{subsection.3.4}{Lines and Planes}{section.3}% 17
\BOOKMARK [3][-]{subsubsection.3.4.1}{Problem}{subsection.3.4}% 18
\BOOKMARK [3][-]{subsubsection.3.4.2}{Solution}{subsection.3.4}% 19
\BOOKMARK [2][-]{subsection.3.5}{Motion in a plane}{section.3}% 20
\BOOKMARK [3][-]{subsubsection.3.5.1}{Problem}{subsection.3.5}% 21
\BOOKMARK [3][-]{subsubsection.3.5.2}{Solution}{subsection.3.5}% 22
\BOOKMARK [2][-]{subsection.3.6}{Matrix}{section.3}% 23
\BOOKMARK [3][-]{subsubsection.3.6.1}{Problem}{subsection.3.6}% 24
\BOOKMARK [3][-]{subsubsection.3.6.2}{Solution}{subsection.3.6}% 25
\BOOKMARK [2][-]{subsection.3.7}{Determinants}{section.3}% 26
\BOOKMARK [3][-]{subsubsection.3.7.1}{Problem}{subsection.3.7}% 27
\BOOKMARK [3][-]{subsubsection.3.7.2}{Solution}{subsection.3.7}% 28
\BOOKMARK [2][-]{subsection.3.8}{Linear Inequalities}{section.3}% 29
\BOOKMARK [3][-]{subsubsection.3.8.1}{Problem}{subsection.3.8}% 30
\BOOKMARK [3][-]{subsubsection.3.8.2}{Solution}{subsection.3.8}% 31
\BOOKMARK [2][-]{subsection.3.9}{Miscellaneous}{section.3}% 32
\BOOKMARK [3][-]{subsubsection.3.9.1}{Problem}{subsection.3.9}% 33
\BOOKMARK [3][-]{subsubsection.3.9.2}{Solution}{subsection.3.9}% 34
\BOOKMARK [1][-]{section.4}{Circle}{}% 35
\BOOKMARK [2][-]{subsection.4.1}{Problem}{section.4}% 36
\BOOKMARK [2][-]{subsection.4.2}{Solution}{section.4}% 37
\BOOKMARK [1][-]{section.5}{Conics}{}% 38
\BOOKMARK [2][-]{subsection.5.1}{Problem}{section.5}% 39
\BOOKMARK [2][-]{subsection.5.2}{Solution}{section.5}% 40
