\BOOKMARK [1][-]{section.1}{Baudhayana Theorem}{}% 1
\BOOKMARK [2][-]{subsection.1.1}{The Right Angled Triangle}{section.1}% 2
\BOOKMARK [2][-]{subsection.1.2}{Sum of Angles}{section.1}% 3
\BOOKMARK [2][-]{subsection.1.3}{Proof of Baudhayana Theorem}{section.1}% 4
\BOOKMARK [1][-]{section.2}{Area of a Triangle}{}% 5
\BOOKMARK [2][-]{subsection.2.1}{From a Rectangle}{section.2}% 6
\BOOKMARK [2][-]{subsection.2.2}{Sine and Cosine formula}{section.2}% 7
\BOOKMARK [2][-]{subsection.2.3}{Hero's formula}{section.2}% 8
\BOOKMARK [1][-]{section.3}{Circumcentre}{}% 9
\BOOKMARK [2][-]{subsection.3.1}{Locating the Circumcentre}{section.3}% 10
\BOOKMARK [2][-]{subsection.3.2}{Finding the Circumradius}{section.3}% 11
\BOOKMARK [2][-]{subsection.3.3}{Drawing the Circumcircle}{section.3}% 12
\BOOKMARK [1][-]{section.4}{Incentre}{}% 13
\BOOKMARK [2][-]{subsection.4.1}{Locating the Incentre}{section.4}% 14
\BOOKMARK [2][-]{subsection.4.2}{Drawing the Incircle}{section.4}% 15
\BOOKMARK [2][-]{subsection.4.3}{Congruent Triangles}{section.4}% 16
\BOOKMARK [1][-]{section.5}{Medians of a Triangle}{}% 17
\BOOKMARK [2][-]{subsection.5.1}{Basic Proportionality Theorem}{section.5}% 18
\BOOKMARK [2][-]{subsection.5.2}{Similar Triangles}{section.5}% 19
\BOOKMARK [2][-]{subsection.5.3}{Centroid}{section.5}% 20
\BOOKMARK [2][-]{subsection.5.4}{Median and Area}{section.5}% 21
\BOOKMARK [2][-]{subsection.5.5}{Parallelogram}{section.5}% 22
\BOOKMARK [1][-]{section.6}{Circles}{}% 23
\BOOKMARK [2][-]{subsection.6.1}{Area of a Circle}{section.6}% 24
\BOOKMARK [2][-]{subsection.6.2}{Miscellaneous Properties}{section.6}% 25
\BOOKMARK [1][-]{section.7}{Miscellaneous}{}% 26
\BOOKMARK [2][-]{subsection.7.1}{Trigonometric Identities}{section.7}% 27
\BOOKMARK [2][-]{subsection.7.2}{Constructions}{section.7}% 28
\BOOKMARK [2][-]{subsection.7.3}{Altitudes of a Triangle}{section.7}% 29
\BOOKMARK [1][-]{section.8}{Exercises}{}% 30
\BOOKMARK [2][-]{subsection.8.1}{Triangle Exercises}{section.8}% 31
\BOOKMARK [2][-]{subsection.8.2}{Triangle Constructions}{section.8}% 32
\BOOKMARK [2][-]{subsection.8.3}{Quadrilateral Exercises}{section.8}% 33
\BOOKMARK [2][-]{subsection.8.4}{Quadrilateral Constructions}{section.8}% 34
\BOOKMARK [2][-]{subsection.8.5}{Circle Exercises}{section.8}% 35
\BOOKMARK [2][-]{subsection.8.6}{Circle Constructions}{section.8}% 36
\BOOKMARK [2][-]{subsection.8.7}{Miscellaneous Exercises}{section.8}% 37
