This is pdfTeX, Version 3.14159265-2.6-1.40.21 (TeX Live 2020/Termux) (preloaded format=latex 2020.6.12)  12 JUN 2020 15:54
entering extended mode
 restricted \write18 enabled.
 %&-line parsing enabled.
**gvv_ncert_geo.tex
(./gvv_ncert_geo.tex
LaTeX2e <2020-02-02> patch level 5
L3 programming layer <2020-03-06>
(/data/data/com.termux/files/usr/share/texlive/texmf-dist/tex/latex/IEEEtran/IE
EEtran.cls
Document Class: IEEEtran 2015/08/26 V1.8b by Michael Shell
-- See the "IEEEtran_HOWTO" manual for usage information.
-- http://www.michaelshell.org/tex/ieeetran/
\@IEEEtrantmpdimenA=\dimen134
\@IEEEtrantmpdimenB=\dimen135
\@IEEEtrantmpdimenC=\dimen136
\@IEEEtrantmpcountA=\count167
\@IEEEtrantmpcountB=\count168
\@IEEEtrantmpcountC=\count169
\@IEEEtrantmptoksA=\toks15
LaTeX Font Info:    Trying to load font information for OT1+ptm on input line 5
03.

(/data/data/com.termux/files/usr/share/texlive/texmf-dist/tex/latex/psnfss/ot1p
tm.fd
File: ot1ptm.fd 2001/06/04 font definitions for OT1/ptm.
)
-- Using 8.5in x 11in (letter) paper.
-- Using DVI output.
\@IEEEnormalsizeunitybaselineskip=\dimen137
-- This is a 12 point document.
\CLASSINFOnormalsizebaselineskip=\dimen138
\CLASSINFOnormalsizeunitybaselineskip=\dimen139
\IEEEnormaljot=\dimen140
LaTeX Font Info:    Font shape `OT1/ptm/bx/n' in size <6> not available
(Font)              Font shape `OT1/ptm/b/n' tried instead on input line 1090.
LaTeX Font Info:    Font shape `OT1/ptm/bx/it' in size <6> not available
(Font)              Font shape `OT1/ptm/b/it' tried instead on input line 1090.

LaTeX Font Info:    Font shape `OT1/ptm/bx/n' in size <8> not available
(Font)              Font shape `OT1/ptm/b/n' tried instead on input line 1090.
LaTeX Font Info:    Font shape `OT1/ptm/bx/it' in size <8> not available
(Font)              Font shape `OT1/ptm/b/it' tried instead on input line 1090.

LaTeX Font Info:    Font shape `OT1/ptm/bx/n' in size <9> not available
(Font)              Font shape `OT1/ptm/b/n' tried instead on input line 1090.
LaTeX Font Info:    Font shape `OT1/ptm/bx/it' in size <9> not available
(Font)              Font shape `OT1/ptm/b/it' tried instead on input line 1090.

LaTeX Font Info:    Font shape `OT1/ptm/bx/n' in size <10> not available
(Font)              Font shape `OT1/ptm/b/n' tried instead on input line 1090.
LaTeX Font Info:    Font shape `OT1/ptm/bx/it' in size <10> not available
(Font)              Font shape `OT1/ptm/b/it' tried instead on input line 1090.

LaTeX Font Info:    Font shape `OT1/ptm/bx/n' in size <12> not available
(Font)              Font shape `OT1/ptm/b/n' tried instead on input line 1090.
LaTeX Font Info:    Font shape `OT1/ptm/bx/it' in size <12> not available
(Font)              Font shape `OT1/ptm/b/it' tried instead on input line 1090.

LaTeX Font Info:    Font shape `OT1/ptm/bx/n' in size <14> not available
(Font)              Font shape `OT1/ptm/b/n' tried instead on input line 1090.
LaTeX Font Info:    Font shape `OT1/ptm/bx/it' in size <14> not available
(Font)              Font shape `OT1/ptm/b/it' tried instead on input line 1090.

LaTeX Font Info:    Font shape `OT1/ptm/bx/n' in size <20> not available
(Font)              Font shape `OT1/ptm/b/n' tried instead on input line 1090.
LaTeX Font Info:    Font shape `OT1/ptm/bx/it' in size <20> not available
(Font)              Font shape `OT1/ptm/b/it' tried instead on input line 1090.

LaTeX Font Info:    Font shape `OT1/ptm/bx/n' in size <22> not available
(Font)              Font shape `OT1/ptm/b/n' tried instead on input line 1090.
LaTeX Font Info:    Font shape `OT1/ptm/bx/it' in size <22> not available
(Font)              Font shape `OT1/ptm/b/it' tried instead on input line 1090.

LaTeX Font Info:    Font shape `OT1/ptm/bx/n' in size <24> not available
(Font)              Font shape `OT1/ptm/b/n' tried instead on input line 1090.
LaTeX Font Info:    Font shape `OT1/ptm/bx/it' in size <24> not available
(Font)              Font shape `OT1/ptm/b/it' tried instead on input line 1090.

\IEEEquantizedlength=\dimen141
\IEEEquantizedlengthdiff=\dimen142
\IEEEquantizedtextheightdiff=\dimen143
\IEEEilabelindentA=\dimen144
\IEEEilabelindentB=\dimen145
\IEEEilabelindent=\dimen146
\IEEEelabelindent=\dimen147
\IEEEdlabelindent=\dimen148
\IEEElabelindent=\dimen149
\IEEEiednormlabelsep=\dimen150
\IEEEiedmathlabelsep=\dimen151
\IEEEiedtopsep=\skip47
\c@section=\count170
\c@subsection=\count171
\c@subsubsection=\count172
\c@paragraph=\count173
\c@IEEEsubequation=\count174
\abovecaptionskip=\skip48
\belowcaptionskip=\skip49
\c@figure=\count175
\c@table=\count176
\@IEEEeqnnumcols=\count177
\@IEEEeqncolcnt=\count178
\@IEEEsubeqnnumrollback=\count179
\@IEEEquantizeheightA=\dimen152
\@IEEEquantizeheightB=\dimen153
\@IEEEquantizeheightC=\dimen154
\@IEEEquantizeprevdepth=\dimen155
\@IEEEquantizemultiple=\count180
\@IEEEquantizeboxA=\box45
\@IEEEtmpitemindent=\dimen156
\IEEEPARstartletwidth=\dimen157
\c@IEEEbiography=\count181
\@IEEEtranrubishbin=\box46
)
(/data/data/com.termux/files/usr/share/texlive/texmf-dist/tex/latex/setspace/se
tspace.sty
Package: setspace 2011/12/19 v6.7a set line spacing
)
(/data/data/com.termux/files/usr/share/texlive/texmf-dist/tex/latex/was/gensymb
.sty
Package: gensymb 2003/07/02 v1.0 (WaS)
)
(/data/data/com.termux/files/usr/share/texlive/texmf-dist/tex/latex/amsmath/ams
math.sty
Package: amsmath 2020/01/20 v2.17e AMS math features
\@mathmargin=\skip50

For additional information on amsmath, use the `?' option.

(/data/data/com.termux/files/usr/share/texlive/texmf-dist/tex/latex/amsmath/ams
text.sty
Package: amstext 2000/06/29 v2.01 AMS text

(/data/data/com.termux/files/usr/share/texlive/texmf-dist/tex/latex/amsmath/ams
gen.sty
File: amsgen.sty 1999/11/30 v2.0 generic functions
\@emptytoks=\toks16
\ex@=\dimen158
))
(/data/data/com.termux/files/usr/share/texlive/texmf-dist/tex/latex/amsmath/ams
bsy.sty
Package: amsbsy 1999/11/29 v1.2d Bold Symbols
\pmbraise@=\dimen159
)
(/data/data/com.termux/files/usr/share/texlive/texmf-dist/tex/latex/amsmath/ams
opn.sty
Package: amsopn 2016/03/08 v2.02 operator names
)
\inf@bad=\count182
LaTeX Info: Redefining \frac on input line 227.
\uproot@=\count183
\leftroot@=\count184
LaTeX Info: Redefining \overline on input line 389.
\classnum@=\count185
\DOTSCASE@=\count186
LaTeX Info: Redefining \ldots on input line 486.
LaTeX Info: Redefining \dots on input line 489.
LaTeX Info: Redefining \cdots on input line 610.
\Mathstrutbox@=\box47
\strutbox@=\box48
\big@size=\dimen160
LaTeX Font Info:    Redeclaring font encoding OML on input line 733.
LaTeX Font Info:    Redeclaring font encoding OMS on input line 734.
\macc@depth=\count187
\c@MaxMatrixCols=\count188
\dotsspace@=\muskip16
\c@parentequation=\count189
\dspbrk@lvl=\count190
\tag@help=\toks17
\row@=\count191
\column@=\count192
\maxfields@=\count193
\andhelp@=\toks18
\eqnshift@=\dimen161
\alignsep@=\dimen162
\tagshift@=\dimen163
\tagwidth@=\dimen164
\totwidth@=\dimen165
\lineht@=\dimen166
\@envbody=\toks19
\multlinegap=\skip51
\multlinetaggap=\skip52
\mathdisplay@stack=\toks20
LaTeX Info: Redefining \[ on input line 2859.
LaTeX Info: Redefining \] on input line 2860.
)
(/data/data/com.termux/files/usr/share/texlive/texmf-dist/tex/latex/siunitx/siu
nitx.sty
(/data/data/com.termux/files/usr/share/texlive/texmf-dist/tex/latex/l3kernel/ex
pl3.sty
Package: expl3 2020-03-06 L3 programming layer (loader) 

(/data/data/com.termux/files/usr/share/texlive/texmf-dist/tex/latex/l3backend/l
3backend-dvips.def
File: l3backend-dvips.def 2020-03-12 L3 backend support: dvips
\l__pdf_internal_box=\box49
\g__pdf_backend_object_int=\count194
\l__pdf_backend_content_box=\box50
\l__pdf_backend_model_box=\box51
\g__pdf_backend_annotation_int=\count195
\g__pdf_backend_link_int=\count196
\g__pdf_backend_link_sf_int=\count197
))
(/data/data/com.termux/files/usr/share/texlive/texmf-dist/tex/latex/l3packages/
xparse/xparse.sty
Package: xparse 2020-03-06 L3 Experimental document command parser
\l__xparse_current_arg_int=\count198
\g__xparse_grabber_int=\count199
\l__xparse_m_args_int=\count266
\l__xparse_v_nesting_int=\count267
)
Package: siunitx 2020/02/25 v2.8b A comprehensive (SI) units package

(/data/data/com.termux/files/usr/share/texlive/texmf-dist/tex/latex/tools/array
.sty
Package: array 2019/08/31 v2.4l Tabular extension package (FMi)
\col@sep=\dimen167
\ar@mcellbox=\box52
\extrarowheight=\dimen168
\NC@list=\toks21
\extratabsurround=\skip53
\backup@length=\skip54
\ar@cellbox=\box53
)
(/data/data/com.termux/files/usr/share/texlive/texmf-dist/tex/latex/l3packages/
l3keys2e/l3keys2e.sty
Package: l3keys2e 2020-03-06 LaTeX2e option processing using LaTeX3 keys
)
\l__siunitx_tmp_box=\box54
\l__siunitx_tmp_dim=\dimen169
\l__siunitx_tmp_int=\count268
\l__siunitx_number_mantissa_length_int=\count269
\l__siunitx_number_uncert_length_int=\count270
\l__siunitx_round_int=\count271
\l__siunitx_process_decimal_int=\count272
\l__siunitx_process_uncertainty_int=\count273
\l__siunitx_process_fixed_int=\count274
\l__siunitx_process_integer_min_int=\count275
\l__siunitx_process_precision_int=\count276
\l__siunitx_group_min_int=\count277
\l__siunitx_angle_marker_box=\box55
\l__siunitx_angle_unit_box=\box56
\l__siunitx_angle_marker_dim=\dimen170
\l__siunitx_angle_unit_dim=\dimen171
\l__siunitx_unit_int=\count278
\l__siunitx_unit_denominator_int=\count279
\l__siunitx_unit_numerator_int=\count280
\l__siunitx_unit_prefix_int=\count281
\l__siunitx_unit_prefix_base_int=\count282
\l__siunitx_unit_prefix_gram_int=\count283
\l__siunitx_number_product_int=\count284
\c__siunitx_one_fill_skip=\skip55
\l__siunitx_table_unit_align_skip=\skip56
\l__siunitx_table_exponent_dim=\dimen172
\l__siunitx_table_integer_dim=\dimen173
\l__siunitx_table_mantissa_dim=\dimen174
\l__siunitx_table_marker_dim=\dimen175
\l__siunitx_table_result_dim=\dimen176
\l__siunitx_table_uncert_dim=\dimen177
\l__siunitx_table_fill_pre_dim=\dimen178
\l__siunitx_table_fill_post_dim=\dimen179
\l__siunitx_table_fill_mid_dim=\dimen180
\l__siunitx_table_pre_box=\box57
\l__siunitx_table_post_box=\box58
\l__siunitx_table_mantissa_box=\box59
\l__siunitx_table_result_box=\box60
\l__siunitx_table_number_align_skip=\skip57
\l__siunitx_table_text_align_skip=\skip58

(/data/data/com.termux/files/home/texmf/tex/latex/gvv-slides/base/translator/tr
anslator.sty
Package: translator 2010/06/12 ver 1.10

(/data/data/com.termux/files/usr/share/texlive/texmf-dist/tex/latex/graphics/ke
yval.sty
Package: keyval 2014/10/28 v1.15 key=value parser (DPC)
\KV@toks@=\toks22
)
(/data/data/com.termux/files/home/texmf/tex/latex/gvv-slides/base/translator/tr
anslator-language-mappings.tex)))
(/data/data/com.termux/files/usr/share/texlive/texmf-dist/tex/latex/amscls/amst
hm.sty
Package: amsthm 2017/10/31 v2.20.4
\thm@style=\toks23
\thm@bodyfont=\toks24
\thm@headfont=\toks25
\thm@notefont=\toks26
\thm@headpunct=\toks27
\thm@preskip=\skip59
\thm@postskip=\skip60
\thm@headsep=\skip61
\dth@everypar=\toks28
) (/data/data/com.termux/files/home/texmf/tex/latex/iithtlc/iithtlc.sty
Package: iithtlc 10/04/2016 IITH TLC

(/data/data/com.termux/files/usr/share/texlive/texmf-dist/tex/latex/graphics/gr
aphicx.sty
Package: graphicx 2019/11/30 v1.2a Enhanced LaTeX Graphics (DPC,SPQR)

(/data/data/com.termux/files/usr/share/texlive/texmf-dist/tex/latex/graphics/gr
aphics.sty
Package: graphics 2019/11/30 v1.4a Standard LaTeX Graphics (DPC,SPQR)

(/data/data/com.termux/files/usr/share/texlive/texmf-dist/tex/latex/graphics/tr
ig.sty
Package: trig 2016/01/03 v1.10 sin cos tan (DPC)
)
(/data/data/com.termux/files/usr/share/texlive/texmf-dist/tex/latex/graphics-cf
g/graphics.cfg
File: graphics.cfg 2016/06/04 v1.11 sample graphics configuration
)
Package graphics Info: Driver file: dvips.def on input line 105.

(/data/data/com.termux/files/usr/share/texlive/texmf-dist/tex/latex/graphics-de
f/dvips.def
File: dvips.def 2017/06/20 v3.1d Graphics/color driver for dvips
))
\Gin@req@height=\dimen181
\Gin@req@width=\dimen182
))
(/data/data/com.termux/files/usr/share/texlive/texmf-dist/tex/latex/jknapltx/ma
thrsfs.sty
Package: mathrsfs 1996/01/01 Math RSFS package v1.0 (jk)
\symrsfs=\mathgroup4
)
(/data/data/com.termux/files/usr/share/texlive/texmf-dist/tex/latex/txfonts/txf
onts.sty
Package: txfonts 2008/01/22 v3.2.1
LaTeX Font Info:    Redeclaring symbol font `operators' on input line 21.
LaTeX Font Info:    Overwriting symbol font `operators' in version `normal'
(Font)                  OT1/cmr/m/n --> OT1/txr/m/n on input line 21.
LaTeX Font Info:    Overwriting symbol font `operators' in version `bold'
(Font)                  OT1/cmr/bx/n --> OT1/txr/m/n on input line 21.
LaTeX Font Info:    Overwriting symbol font `operators' in version `bold'
(Font)                  OT1/txr/m/n --> OT1/txr/bx/n on input line 22.
\symitalic=\mathgroup5
LaTeX Font Info:    Overwriting symbol font `italic' in version `bold'
(Font)                  OT1/txr/m/it --> OT1/txr/bx/it on input line 26.
LaTeX Font Info:    Redeclaring math alphabet \mathbf on input line 29.
LaTeX Font Info:    Overwriting math alphabet `\mathbf' in version `normal'
(Font)                  OT1/cmr/bx/n --> OT1/txr/bx/n on input line 29.
LaTeX Font Info:    Overwriting math alphabet `\mathbf' in version `bold'
(Font)                  OT1/cmr/bx/n --> OT1/txr/bx/n on input line 29.
LaTeX Font Info:    Redeclaring math alphabet \mathit on input line 30.
LaTeX Font Info:    Overwriting math alphabet `\mathit' in version `normal'
(Font)                  OT1/cmr/m/it --> OT1/txr/m/it on input line 30.
LaTeX Font Info:    Overwriting math alphabet `\mathit' in version `bold'
(Font)                  OT1/cmr/bx/it --> OT1/txr/m/it on input line 30.
LaTeX Font Info:    Overwriting math alphabet `\mathit' in version `bold'
(Font)                  OT1/txr/m/it --> OT1/txr/bx/it on input line 31.
LaTeX Font Info:    Redeclaring math alphabet \mathsf on input line 40.
LaTeX Font Info:    Overwriting math alphabet `\mathsf' in version `normal'
(Font)                  OT1/cmss/m/n --> OT1/txss/m/n on input line 40.
LaTeX Font Info:    Overwriting math alphabet `\mathsf' in version `bold'
(Font)                  OT1/cmss/bx/n --> OT1/txss/m/n on input line 40.
LaTeX Font Info:    Overwriting math alphabet `\mathsf' in version `bold'
(Font)                  OT1/txss/m/n --> OT1/txss/b/n on input line 41.
LaTeX Font Info:    Redeclaring math alphabet \mathtt on input line 50.
LaTeX Font Info:    Overwriting math alphabet `\mathtt' in version `normal'
(Font)                  OT1/cmtt/m/n --> OT1/txtt/m/n on input line 50.
LaTeX Font Info:    Overwriting math alphabet `\mathtt' in version `bold'
(Font)                  OT1/cmtt/m/n --> OT1/txtt/m/n on input line 50.
LaTeX Font Info:    Overwriting math alphabet `\mathtt' in version `bold'
(Font)                  OT1/txtt/m/n --> OT1/txtt/b/n on input line 51.
LaTeX Font Info:    Redeclaring symbol font `letters' on input line 58.
LaTeX Font Info:    Overwriting symbol font `letters' in version `normal'
(Font)                  OML/cmm/m/it --> OML/txmi/m/it on input line 58.
LaTeX Font Info:    Overwriting symbol font `letters' in version `bold'
(Font)                  OML/cmm/b/it --> OML/txmi/m/it on input line 58.
LaTeX Font Info:    Overwriting symbol font `letters' in version `bold'
(Font)                  OML/txmi/m/it --> OML/txmi/bx/it on input line 59.
\symlettersA=\mathgroup6
LaTeX Font Info:    Overwriting symbol font `lettersA' in version `bold'
(Font)                  U/txmia/m/it --> U/txmia/bx/it on input line 67.
LaTeX Font Info:    Redeclaring symbol font `symbols' on input line 77.
LaTeX Font Info:    Overwriting symbol font `symbols' in version `normal'
(Font)                  OMS/cmsy/m/n --> OMS/txsy/m/n on input line 77.
LaTeX Font Info:    Overwriting symbol font `symbols' in version `bold'
(Font)                  OMS/cmsy/b/n --> OMS/txsy/m/n on input line 77.
LaTeX Font Info:    Overwriting symbol font `symbols' in version `bold'
(Font)                  OMS/txsy/m/n --> OMS/txsy/bx/n on input line 78.
\symAMSa=\mathgroup7
LaTeX Font Info:    Overwriting symbol font `AMSa' in version `bold'
(Font)                  U/txsya/m/n --> U/txsya/bx/n on input line 94.
\symAMSb=\mathgroup8
LaTeX Font Info:    Overwriting symbol font `AMSb' in version `bold'
(Font)                  U/txsyb/m/n --> U/txsyb/bx/n on input line 103.
\symsymbolsC=\mathgroup9
LaTeX Font Info:    Overwriting symbol font `symbolsC' in version `bold'
(Font)                  U/txsyc/m/n --> U/txsyc/bx/n on input line 113.
LaTeX Font Info:    Redeclaring symbol font `largesymbols' on input line 120.
LaTeX Font Info:    Overwriting symbol font `largesymbols' in version `normal'
(Font)                  OMX/cmex/m/n --> OMX/txex/m/n on input line 120.
LaTeX Font Info:    Overwriting symbol font `largesymbols' in version `bold'
(Font)                  OMX/cmex/m/n --> OMX/txex/m/n on input line 120.
LaTeX Font Info:    Overwriting symbol font `largesymbols' in version `bold'
(Font)                  OMX/txex/m/n --> OMX/txex/bx/n on input line 121.
\symlargesymbolsA=\mathgroup10
LaTeX Font Info:    Overwriting symbol font `largesymbolsA' in version `bold'
(Font)                  U/txexa/m/n --> U/txexa/bx/n on input line 129.
LaTeX Font Info:    Redeclaring math symbol \mathsterling on input line 164.
LaTeX Font Info:    Redeclaring math symbol \hbar on input line 591.
LaTeX Info: Redefining \not on input line 1043.
LaTeX Info: Redefining \textsquare on input line 1063.
LaTeX Info: Redefining \openbox on input line 1064.
)
(/data/data/com.termux/files/usr/share/texlive/texmf-dist/tex/latex/sttools/stf
loats.sty
Package: stfloats 2017/03/27 v3.3 Improve float mechanism and baselineskip sett
ings
\@dblbotnum=\count285
\c@dblbotnumber=\count286
)
(/data/data/com.termux/files/usr/share/texlive/texmf-dist/tex/latex/steinmetz/s
teinmetz.sty
Package: steinmetz 2009/06/14 v1.0 Steinmetz symbol for electrotechnics

(/data/data/com.termux/files/usr/share/texlive/texmf-dist/tex/latex/pict2e/pict
2e.sty
Package: pict2e 2019/08/20 v0.3c Improved picture commands (HjG,RN,JT)

(/data/data/com.termux/files/usr/share/texlive/texmf-dist/tex/latex/pict2e/pict
2e.cfg
File: pict2e.cfg 2016/02/05 v0.1u pict2e configuration for teTeX/TeXLive
)
Package pict2e Info: Driver file: dvips.def on input line 119.
Package pict2e Info: Driver file for pict2e: p2e-dvips.def on input line 121.

(/data/data/com.termux/files/usr/share/texlive/texmf-dist/tex/latex/pict2e/p2e-
dvips.def
File: p2e-dvips.def 2016/02/05 v0.1u Driver-dependant file (RN,HjG,JT)
)
\pIIe@GRAPH=\toks29
\@arclen=\dimen183
\@arcrad=\dimen184
\@tempdimd=\dimen185
)
\stm@phasebox=\box61
\stm@phasedp=\skip62
\stm@phaseht=\skip63
\stm@phasetot=\skip64
\stm@phasewd=\skip65
)
(/data/data/com.termux/files/usr/share/texlive/texmf-dist/tex/latex/cite/cite.s
ty
LaTeX Info: Redefining \cite on input line 302.
LaTeX Info: Redefining \nocite on input line 332.
Package: cite 2015/02/27  v 5.5
)
(/data/data/com.termux/files/usr/share/texlive/texmf-dist/tex/latex/cases/cases
.sty
Package: cases 2020/03/10 ver 3.1
\numc@numwid=\dimen186
)
(/data/data/com.termux/files/usr/share/texlive/texmf-dist/tex/latex/subfig/subf
ig.sty
Package: subfig 2005/06/28 ver: 1.3 subfig package

(/data/data/com.termux/files/usr/share/texlive/texmf-dist/tex/latex/caption/cap
tion.sty
Package: caption 2020/01/03 v3.4h Customizing captions (AR)

(/data/data/com.termux/files/usr/share/texlive/texmf-dist/tex/latex/caption/cap
tion3.sty
Package: caption3 2020/01/03 v1.8h caption3 kernel (AR)
Package caption3 Info: TeX engine: e-TeX on input line 61.
\captionmargin=\dimen187
\captionmargin@=\dimen188
\captionwidth=\dimen189
\caption@tempdima=\dimen190
\caption@indent=\dimen191
\caption@parindent=\dimen192
\caption@hangindent=\dimen193
Package caption Info: Unknown document class (or package),
(caption)             standard defaults will be used.
Package caption Info: \@makecaption = \long macro:#1#2->\ifx \@captype \@IEEEta
blestring \footnotesize \bgroup \par \centering \@IEEEtabletopskipstrut {\norma
lfont \footnotesize #1}\\{\normalfont \footnotesize \scshape #2}\par \addvspace
 {0.5\baselineskip }\egroup \@IEEEtablecaptionsepspace \else \@IEEEfigurecaptio
nsepspace \setbox \@tempboxa \hbox {\normalfont \footnotesize {#1.}\nobreakspac
e \nobreakspace #2}\ifdim \wd \@tempboxa >\hsize \setbox \@tempboxa \hbox {\nor
malfont \footnotesize {#1.}\nobreakspace \nobreakspace }\parbox [t]{\hsize }{\n
ormalfont \footnotesize \noindent \unhbox \@tempboxa #2}\else \ifCLASSOPTIONcon
ference \hbox to\hsize {\normalfont \footnotesize \hfil \box \@tempboxa \hfil }
\else \hbox to\hsize {\normalfont \footnotesize \box \@tempboxa \hfil }\fi \fi 
\fi  on input line 1082.
)

Package caption Warning: Unknown document class (or package),
(caption)                standard defaults will be used.
See the caption package documentation for explanation.

\c@caption@flags=\count287
\c@continuedfloat=\count288
)
\c@KVtest=\count289
\sf@farskip=\skip66
\sf@captopadj=\dimen194
\sf@capskip=\skip67
\sf@nearskip=\skip68
\c@subfigure=\count290
\c@subfigure@save=\count291
\c@lofdepth=\count292
\c@subtable=\count293
\c@subtable@save=\count294
\c@lotdepth=\count295
\sf@top=\skip69
\sf@bottom=\skip70
)
(/data/data/com.termux/files/usr/share/texlive/texmf-dist/tex/latex/tools/longt
able.sty
Package: longtable 2020/01/07 v4.13 Multi-page Table package (DPC)
\LTleft=\skip71
\LTright=\skip72
\LTpre=\skip73
\LTpost=\skip74
\LTchunksize=\count296
\LTcapwidth=\dimen195
\LT@head=\box62
\LT@firsthead=\box63
\LT@foot=\box64
\LT@lastfoot=\box65
\LT@cols=\count297
\LT@rows=\count298
\c@LT@tables=\count299
\c@LT@chunks=\count300
\LT@p@ftn=\toks30
)
(/data/data/com.termux/files/usr/share/texlive/texmf-dist/tex/latex/multirow/mu
ltirow.sty
Package: multirow 2019/05/31 v2.5 Span multiple rows of a table
\multirow@colwidth=\skip75
\multirow@cntb=\count301
\multirow@dima=\skip76
\bigstrutjot=\dimen196
)
(/data/data/com.termux/files/usr/share/texlive/texmf-dist/tex/latex/enumitem/en
umitem.sty
Package: enumitem 2019/06/20 v3.9 Customized lists
\labelindent=\skip77
\enit@outerparindent=\dimen197
\enit@toks=\toks31
\enit@inbox=\box66
\enit@count@id=\count302
\enitdp@description=\count303
)
(/data/data/com.termux/files/usr/share/texlive/texmf-dist/tex/latex/mathtools/m
athtools.sty
Package: mathtools 2020/03/24 v1.24 mathematical typesetting tools

(/data/data/com.termux/files/usr/share/texlive/texmf-dist/tex/latex/tools/calc.
sty
Package: calc 2017/05/25 v4.3 Infix arithmetic (KKT,FJ)
\calc@Acount=\count304
\calc@Bcount=\count305
\calc@Adimen=\dimen198
\calc@Bdimen=\dimen199
\calc@Askip=\skip78
\calc@Bskip=\skip79
LaTeX Info: Redefining \setlength on input line 80.
LaTeX Info: Redefining \addtolength on input line 81.
\calc@Ccount=\count306
\calc@Cskip=\skip80
)
(/data/data/com.termux/files/usr/share/texlive/texmf-dist/tex/latex/mathtools/m
hsetup.sty
Package: mhsetup 2017/03/31 v1.3 programming setup (MH)
)
LaTeX Info: Thecontrolsequence`\('isalreadyrobust on input line 130.
LaTeX Info: Thecontrolsequence`\)'isalreadyrobust on input line 130.
LaTeX Info: Thecontrolsequence`\['isalreadyrobust on input line 130.
LaTeX Info: Thecontrolsequence`\]'isalreadyrobust on input line 130.
\g_MT_multlinerow_int=\count307
\l_MT_multwidth_dim=\dimen256
\origjot=\skip81
\l_MT_shortvdotswithinadjustabove_dim=\dimen257
\l_MT_shortvdotswithinadjustbelow_dim=\dimen258
\l_MT_above_intertext_sep=\dimen259
\l_MT_below_intertext_sep=\dimen260
\l_MT_above_shortintertext_sep=\dimen261
\l_MT_below_shortintertext_sep=\dimen262
\xmathstrut@box=\box67
\xmathstrut@dim=\dimen263
)
(/data/data/com.termux/files/usr/share/texlive/texmf-dist/tex/latex/pgf/fronten
dlayer/tikz.sty
(/data/data/com.termux/files/usr/share/texlive/texmf-dist/tex/latex/pgf/basicla
yer/pgf.sty
(/data/data/com.termux/files/usr/share/texlive/texmf-dist/tex/latex/pgf/utiliti
es/pgfrcs.sty
(/data/data/com.termux/files/usr/share/texlive/texmf-dist/tex/generic/pgf/utili
ties/pgfutil-common.tex
\pgfutil@everybye=\toks32
\pgfutil@tempdima=\dimen264
\pgfutil@tempdimb=\dimen265

(/data/data/com.termux/files/usr/share/texlive/texmf-dist/tex/generic/pgf/utili
ties/pgfutil-common-lists.tex))
(/data/data/com.termux/files/usr/share/texlive/texmf-dist/tex/generic/pgf/utili
ties/pgfutil-latex.def
\pgfutil@abb=\box68

(/data/data/com.termux/files/usr/share/texlive/texmf-dist/tex/latex/ms/everyshi
.sty
Package: everyshi 2001/05/15 v3.00 EveryShipout Package (MS)
))
(/data/data/com.termux/files/usr/share/texlive/texmf-dist/tex/generic/pgf/utili
ties/pgfrcs.code.tex
(/data/data/com.termux/files/usr/share/texlive/texmf-dist/tex/generic/pgf/pgf.r
evision.tex)
Package: pgfrcs 2020/01/08 v3.1.5b (3.1.5b)
))
Package: pgf 2020/01/08 v3.1.5b (3.1.5b)

(/data/data/com.termux/files/usr/share/texlive/texmf-dist/tex/latex/pgf/basicla
yer/pgfcore.sty
(/data/data/com.termux/files/usr/share/texlive/texmf-dist/tex/latex/pgf/systeml
ayer/pgfsys.sty
(/data/data/com.termux/files/usr/share/texlive/texmf-dist/tex/generic/pgf/syste
mlayer/pgfsys.code.tex
Package: pgfsys 2020/01/08 v3.1.5b (3.1.5b)

(/data/data/com.termux/files/usr/share/texlive/texmf-dist/tex/generic/pgf/utili
ties/pgfkeys.code.tex
\pgfkeys@pathtoks=\toks33
\pgfkeys@temptoks=\toks34

(/data/data/com.termux/files/usr/share/texlive/texmf-dist/tex/generic/pgf/utili
ties/pgfkeysfiltered.code.tex
\pgfkeys@tmptoks=\toks35
))
\pgf@x=\dimen266
\pgf@y=\dimen267
\pgf@xa=\dimen268
\pgf@ya=\dimen269
\pgf@xb=\dimen270
\pgf@yb=\dimen271
\pgf@xc=\dimen272
\pgf@yc=\dimen273
\pgf@xd=\dimen274
\pgf@yd=\dimen275
\w@pgf@writea=\write3
\r@pgf@reada=\read2
\c@pgf@counta=\count308
\c@pgf@countb=\count309
\c@pgf@countc=\count310
\c@pgf@countd=\count311
\t@pgf@toka=\toks36
\t@pgf@tokb=\toks37
\t@pgf@tokc=\toks38
\pgf@sys@id@count=\count312

(/data/data/com.termux/files/usr/share/texlive/texmf-dist/tex/generic/pgf/syste
mlayer/pgf.cfg
File: pgf.cfg 2020/01/08 v3.1.5b (3.1.5b)
)
Driver file for pgf: pgfsys-dvips.def

(/data/data/com.termux/files/usr/share/texlive/texmf-dist/tex/generic/pgf/syste
mlayer/pgfsys-dvips.def
File: pgfsys-dvips.def 2020/01/08 v3.1.5b (3.1.5b)

(/data/data/com.termux/files/usr/share/texlive/texmf-dist/tex/generic/pgf/syste
mlayer/pgfsys-common-postscript.def
File: pgfsys-common-postscript.def 2020/01/08 v3.1.5b (3.1.5b)
\pgf@objectcount=\count313
)))
(/data/data/com.termux/files/usr/share/texlive/texmf-dist/tex/generic/pgf/syste
mlayer/pgfsyssoftpath.code.tex
File: pgfsyssoftpath.code.tex 2020/01/08 v3.1.5b (3.1.5b)
\pgfsyssoftpath@smallbuffer@items=\count314
\pgfsyssoftpath@bigbuffer@items=\count315
)
(/data/data/com.termux/files/usr/share/texlive/texmf-dist/tex/generic/pgf/syste
mlayer/pgfsysprotocol.code.tex
File: pgfsysprotocol.code.tex 2020/01/08 v3.1.5b (3.1.5b)
))
(/data/data/com.termux/files/usr/share/texlive/texmf-dist/tex/latex/xcolor/xcol
or.sty
Package: xcolor 2016/05/11 v2.12 LaTeX color extensions (UK)

(/data/data/com.termux/files/usr/share/texlive/texmf-dist/tex/latex/graphics-cf
g/color.cfg
File: color.cfg 2016/01/02 v1.6 sample color configuration
)
Package xcolor Info: Driver file: dvips.def on input line 225.
Package xcolor Info: Model `cmy' substituted by `cmy0' on input line 1348.
Package xcolor Info: Model `RGB' extended on input line 1364.
Package xcolor Info: Model `HTML' substituted by `rgb' on input line 1366.
Package xcolor Info: Model `Hsb' substituted by `hsb' on input line 1367.
Package xcolor Info: Model `tHsb' substituted by `hsb' on input line 1368.
Package xcolor Info: Model `HSB' substituted by `hsb' on input line 1369.
Package xcolor Info: Model `Gray' substituted by `gray' on input line 1370.
Package xcolor Info: Model `wave' substituted by `hsb' on input line 1371.
)
(/data/data/com.termux/files/usr/share/texlive/texmf-dist/tex/generic/pgf/basic
layer/pgfcore.code.tex
Package: pgfcore 2020/01/08 v3.1.5b (3.1.5b)

(/data/data/com.termux/files/usr/share/texlive/texmf-dist/tex/generic/pgf/math/
pgfmath.code.tex
(/data/data/com.termux/files/usr/share/texlive/texmf-dist/tex/generic/pgf/math/
pgfmathcalc.code.tex
(/data/data/com.termux/files/usr/share/texlive/texmf-dist/tex/generic/pgf/math/
pgfmathutil.code.tex)
(/data/data/com.termux/files/usr/share/texlive/texmf-dist/tex/generic/pgf/math/
pgfmathparser.code.tex
\pgfmath@dimen=\dimen276
\pgfmath@count=\count316
\pgfmath@box=\box69
\pgfmath@toks=\toks39
\pgfmath@stack@operand=\toks40
\pgfmath@stack@operation=\toks41
)
(/data/data/com.termux/files/usr/share/texlive/texmf-dist/tex/generic/pgf/math/
pgfmathfunctions.code.tex
(/data/data/com.termux/files/usr/share/texlive/texmf-dist/tex/generic/pgf/math/
pgfmathfunctions.basic.code.tex)
(/data/data/com.termux/files/usr/share/texlive/texmf-dist/tex/generic/pgf/math/
pgfmathfunctions.trigonometric.code.tex)
(/data/data/com.termux/files/usr/share/texlive/texmf-dist/tex/generic/pgf/math/
pgfmathfunctions.random.code.tex)
(/data/data/com.termux/files/usr/share/texlive/texmf-dist/tex/generic/pgf/math/
pgfmathfunctions.comparison.code.tex)
(/data/data/com.termux/files/usr/share/texlive/texmf-dist/tex/generic/pgf/math/
pgfmathfunctions.base.code.tex)
(/data/data/com.termux/files/usr/share/texlive/texmf-dist/tex/generic/pgf/math/
pgfmathfunctions.round.code.tex)
(/data/data/com.termux/files/usr/share/texlive/texmf-dist/tex/generic/pgf/math/
pgfmathfunctions.misc.code.tex)
(/data/data/com.termux/files/usr/share/texlive/texmf-dist/tex/generic/pgf/math/
pgfmathfunctions.integerarithmetics.code.tex)))
(/data/data/com.termux/files/usr/share/texlive/texmf-dist/tex/generic/pgf/math/
pgfmathfloat.code.tex
\c@pgfmathroundto@lastzeros=\count317
))
(/data/data/com.termux/files/usr/share/texlive/texmf-dist/tex/generic/pgf/math/
pgfint.code.tex)
(/data/data/com.termux/files/usr/share/texlive/texmf-dist/tex/generic/pgf/basic
layer/pgfcorepoints.code.tex
File: pgfcorepoints.code.tex 2020/01/08 v3.1.5b (3.1.5b)
\pgf@picminx=\dimen277
\pgf@picmaxx=\dimen278
\pgf@picminy=\dimen279
\pgf@picmaxy=\dimen280
\pgf@pathminx=\dimen281
\pgf@pathmaxx=\dimen282
\pgf@pathminy=\dimen283
\pgf@pathmaxy=\dimen284
\pgf@xx=\dimen285
\pgf@xy=\dimen286
\pgf@yx=\dimen287
\pgf@yy=\dimen288
\pgf@zx=\dimen289
\pgf@zy=\dimen290
)
(/data/data/com.termux/files/usr/share/texlive/texmf-dist/tex/generic/pgf/basic
layer/pgfcorepathconstruct.code.tex
File: pgfcorepathconstruct.code.tex 2020/01/08 v3.1.5b (3.1.5b)
\pgf@path@lastx=\dimen291
\pgf@path@lasty=\dimen292
)
(/data/data/com.termux/files/usr/share/texlive/texmf-dist/tex/generic/pgf/basic
layer/pgfcorepathusage.code.tex
File: pgfcorepathusage.code.tex 2020/01/08 v3.1.5b (3.1.5b)
\pgf@shorten@end@additional=\dimen293
\pgf@shorten@start@additional=\dimen294
)
(/data/data/com.termux/files/usr/share/texlive/texmf-dist/tex/generic/pgf/basic
layer/pgfcorescopes.code.tex
File: pgfcorescopes.code.tex 2020/01/08 v3.1.5b (3.1.5b)
\pgfpic=\box70
\pgf@hbox=\box71
\pgf@layerbox@main=\box72
\pgf@picture@serial@count=\count318
)
(/data/data/com.termux/files/usr/share/texlive/texmf-dist/tex/generic/pgf/basic
layer/pgfcoregraphicstate.code.tex
File: pgfcoregraphicstate.code.tex 2020/01/08 v3.1.5b (3.1.5b)
\pgflinewidth=\dimen295
)
(/data/data/com.termux/files/usr/share/texlive/texmf-dist/tex/generic/pgf/basic
layer/pgfcoretransformations.code.tex
File: pgfcoretransformations.code.tex 2020/01/08 v3.1.5b (3.1.5b)
\pgf@pt@x=\dimen296
\pgf@pt@y=\dimen297
\pgf@pt@temp=\dimen298
)
(/data/data/com.termux/files/usr/share/texlive/texmf-dist/tex/generic/pgf/basic
layer/pgfcorequick.code.tex
File: pgfcorequick.code.tex 2020/01/08 v3.1.5b (3.1.5b)
)
(/data/data/com.termux/files/usr/share/texlive/texmf-dist/tex/generic/pgf/basic
layer/pgfcoreobjects.code.tex
File: pgfcoreobjects.code.tex 2020/01/08 v3.1.5b (3.1.5b)
)
(/data/data/com.termux/files/usr/share/texlive/texmf-dist/tex/generic/pgf/basic
layer/pgfcorepathprocessing.code.tex
File: pgfcorepathprocessing.code.tex 2020/01/08 v3.1.5b (3.1.5b)
)
(/data/data/com.termux/files/usr/share/texlive/texmf-dist/tex/generic/pgf/basic
layer/pgfcorearrows.code.tex
File: pgfcorearrows.code.tex 2020/01/08 v3.1.5b (3.1.5b)
\pgfarrowsep=\dimen299
)
(/data/data/com.termux/files/usr/share/texlive/texmf-dist/tex/generic/pgf/basic
layer/pgfcoreshade.code.tex
File: pgfcoreshade.code.tex 2020/01/08 v3.1.5b (3.1.5b)
\pgf@max=\dimen300
\pgf@sys@shading@range@num=\count319
\pgf@shadingcount=\count320
)
(/data/data/com.termux/files/usr/share/texlive/texmf-dist/tex/generic/pgf/basic
layer/pgfcoreimage.code.tex
File: pgfcoreimage.code.tex 2020/01/08 v3.1.5b (3.1.5b)

(/data/data/com.termux/files/usr/share/texlive/texmf-dist/tex/generic/pgf/basic
layer/pgfcoreexternal.code.tex
File: pgfcoreexternal.code.tex 2020/01/08 v3.1.5b (3.1.5b)
\pgfexternal@startupbox=\box73
))
(/data/data/com.termux/files/usr/share/texlive/texmf-dist/tex/generic/pgf/basic
layer/pgfcorelayers.code.tex
File: pgfcorelayers.code.tex 2020/01/08 v3.1.5b (3.1.5b)
)
(/data/data/com.termux/files/usr/share/texlive/texmf-dist/tex/generic/pgf/basic
layer/pgfcoretransparency.code.tex
File: pgfcoretransparency.code.tex 2020/01/08 v3.1.5b (3.1.5b)
)
(/data/data/com.termux/files/usr/share/texlive/texmf-dist/tex/generic/pgf/basic
layer/pgfcorepatterns.code.tex
File: pgfcorepatterns.code.tex 2020/01/08 v3.1.5b (3.1.5b)
)
(/data/data/com.termux/files/usr/share/texlive/texmf-dist/tex/generic/pgf/basic
layer/pgfcorerdf.code.tex
File: pgfcorerdf.code.tex 2020/01/08 v3.1.5b (3.1.5b)
)))
(/data/data/com.termux/files/usr/share/texlive/texmf-dist/tex/generic/pgf/modul
es/pgfmoduleshapes.code.tex
File: pgfmoduleshapes.code.tex 2020/01/08 v3.1.5b (3.1.5b)
\pgfnodeparttextbox=\box74
)
(/data/data/com.termux/files/usr/share/texlive/texmf-dist/tex/generic/pgf/modul
es/pgfmoduleplot.code.tex
File: pgfmoduleplot.code.tex 2020/01/08 v3.1.5b (3.1.5b)
)
(/data/data/com.termux/files/usr/share/texlive/texmf-dist/tex/latex/pgf/compati
bility/pgfcomp-version-0-65.sty
Package: pgfcomp-version-0-65 2020/01/08 v3.1.5b (3.1.5b)
\pgf@nodesepstart=\dimen301
\pgf@nodesepend=\dimen302
)
(/data/data/com.termux/files/usr/share/texlive/texmf-dist/tex/latex/pgf/compati
bility/pgfcomp-version-1-18.sty
Package: pgfcomp-version-1-18 2020/01/08 v3.1.5b (3.1.5b)
))
(/data/data/com.termux/files/usr/share/texlive/texmf-dist/tex/latex/pgf/utiliti
es/pgffor.sty
(/data/data/com.termux/files/usr/share/texlive/texmf-dist/tex/latex/pgf/utiliti
es/pgfkeys.sty
(/data/data/com.termux/files/usr/share/texlive/texmf-dist/tex/generic/pgf/utili
ties/pgfkeys.code.tex))
(/data/data/com.termux/files/usr/share/texlive/texmf-dist/tex/latex/pgf/math/pg
fmath.sty
(/data/data/com.termux/files/usr/share/texlive/texmf-dist/tex/generic/pgf/math/
pgfmath.code.tex))
(/data/data/com.termux/files/usr/share/texlive/texmf-dist/tex/generic/pgf/utili
ties/pgffor.code.tex
Package: pgffor 2020/01/08 v3.1.5b (3.1.5b)

(/data/data/com.termux/files/usr/share/texlive/texmf-dist/tex/generic/pgf/math/
pgfmath.code.tex)
\pgffor@iter=\dimen303
\pgffor@skip=\dimen304
\pgffor@stack=\toks42
\pgffor@toks=\toks43
))
(/data/data/com.termux/files/usr/share/texlive/texmf-dist/tex/generic/pgf/front
endlayer/tikz/tikz.code.tex
Package: tikz 2020/01/08 v3.1.5b (3.1.5b)

(/data/data/com.termux/files/usr/share/texlive/texmf-dist/tex/generic/pgf/libra
ries/pgflibraryplothandlers.code.tex
File: pgflibraryplothandlers.code.tex 2020/01/08 v3.1.5b (3.1.5b)
\pgf@plot@mark@count=\count321
\pgfplotmarksize=\dimen305
)
\tikz@lastx=\dimen306
\tikz@lasty=\dimen307
\tikz@lastxsaved=\dimen308
\tikz@lastysaved=\dimen309
\tikz@lastmovetox=\dimen310
\tikz@lastmovetoy=\dimen311
\tikzleveldistance=\dimen312
\tikzsiblingdistance=\dimen313
\tikz@figbox=\box75
\tikz@figbox@bg=\box76
\tikz@tempbox=\box77
\tikz@tempbox@bg=\box78
\tikztreelevel=\count322
\tikznumberofchildren=\count323
\tikznumberofcurrentchild=\count324
\tikz@fig@count=\count325

(/data/data/com.termux/files/usr/share/texlive/texmf-dist/tex/generic/pgf/modul
es/pgfmodulematrix.code.tex
File: pgfmodulematrix.code.tex 2020/01/08 v3.1.5b (3.1.5b)
\pgfmatrixcurrentrow=\count326
\pgfmatrixcurrentcolumn=\count327
\pgf@matrix@numberofcolumns=\count328
)
\tikz@expandcount=\count329

(/data/data/com.termux/files/usr/share/texlive/texmf-dist/tex/generic/pgf/front
endlayer/tikz/libraries/tikzlibrarytopaths.code.tex
File: tikzlibrarytopaths.code.tex 2020/01/08 v3.1.5b (3.1.5b)
)))
(/data/data/com.termux/files/usr/share/texlive/texmf-dist/tex/latex/circuitikz/
circuitikz.sty
Package: circuitikz 2020/03/22{} The CircuiTikz circuit drawing package version
 1.0.2

(/data/data/com.termux/files/usr/share/texlive/texmf-dist/tex/generic/pgf/front
endlayer/tikz/libraries/tikzlibrarycalc.code.tex
File: tikzlibrarycalc.code.tex 2020/01/08 v3.1.5b (3.1.5b)
)
(/data/data/com.termux/files/usr/share/texlive/texmf-dist/tex/generic/pgf/libra
ries/pgflibraryarrows.meta.code.tex
File: pgflibraryarrows.meta.code.tex 2020/01/08 v3.1.5b (3.1.5b)
\pgfarrowinset=\dimen314
\pgfarrowlength=\dimen315
\pgfarrowwidth=\dimen316
\pgfarrowlinewidth=\dimen317
)
(/data/data/com.termux/files/usr/share/texlive/texmf-dist/tex/generic/pgf/front
endlayer/tikz/libraries/tikzlibrarybending.code.tex
File: tikzlibrarybending.code.tex 2020/01/08 v3.1.5b (3.1.5b)

(/data/data/com.termux/files/usr/share/texlive/texmf-dist/tex/generic/pgf/modul
es/pgfmodulebending.code.tex
File: pgfmodulebending.code.tex 2020/01/08 v3.1.5b (3.1.5b)

(/data/data/com.termux/files/usr/share/texlive/texmf-dist/tex/generic/pgf/modul
es/pgfmodulenonlineartransformations.code.tex
File: pgfmodulenonlineartransformations.code.tex 2020/01/08 v3.1.5b (3.1.5b)
\pgftransformnonlinearflatness=\dimen318
)
(/data/data/com.termux/files/usr/share/texlive/texmf-dist/tex/generic/pgf/libra
ries/pgflibrarycurvilinear.code.tex
File: pgflibrarycurvilinear.code.tex 2020/01/08 v3.1.5b (3.1.5b)
\pgf@curvilinear@time@a=\dimen319
\pgf@curvilinear@length@a=\dimen320
\pgf@curvilinear@length@b=\dimen321
\pgf@curvilinear@length@c=\dimen322
\pgf@curvilinear@length@d=\dimen323
)
\pgf@arrows@the@rigidity=\dimen324
))
(/data/data/com.termux/files/usr/share/texlive/texmf-dist/tex/generic/pgf/front
endlayer/tikz/libraries/tikzlibraryfpu.code.tex
(/data/data/com.termux/files/usr/share/texlive/texmf-dist/tex/generic/pgf/libra
ries/pgflibraryfpu.code.tex))
(/data/data/com.termux/files/usr/share/texlive/texmf-dist/tex/generic/circuitik
z/pgfcirc.defines.tex
\pgf@circ@count@a=\count330
\pgf@circ@count@b=\count331
\pgf@circ@count@c=\count332
\pgf@circ@res@up=\dimen325
\pgf@circ@res@down=\dimen326
\pgf@circ@res@zero=\dimen327
\pgf@circ@res@left=\dimen328
\pgf@circ@res@right=\dimen329
\pgf@circ@res@other=\dimen330
\pgf@circ@res@step=\dimen331
\pgf@circ@res@temp=\dimen332
\pgfstartlinewidth=\dimen333
\pgf@circ@Rlen=\dimen334
\pgf@circ@scaled@Rlen=\dimen335
)
(/data/data/com.termux/files/usr/share/texlive/texmf-dist/tex/generic/circuitik
z/pgfcircutils.tex)
(/data/data/com.termux/files/usr/share/texlive/texmf-dist/tex/generic/circuitik
z/pgfcircshapes.tex)
(/data/data/com.termux/files/usr/share/texlive/texmf-dist/tex/generic/circuitik
z/pgfcircmonopoles.tex)
(/data/data/com.termux/files/usr/share/texlive/texmf-dist/tex/generic/circuitik
z/pgfcircbipoles.tex)
(/data/data/com.termux/files/usr/share/texlive/texmf-dist/tex/generic/circuitik
z/pgfcirctripoles.tex
\pgf@circ@res@count=\count333
)
(/data/data/com.termux/files/usr/share/texlive/texmf-dist/tex/generic/circuitik
z/pgfcircquadpoles.tex)
(/data/data/com.termux/files/usr/share/texlive/texmf-dist/tex/generic/circuitik
z/pgfcircmultipoles.tex)
(/data/data/com.termux/files/usr/share/texlive/texmf-dist/tex/generic/circuitik
z/pgfcirclabel.tex)
(/data/data/com.termux/files/usr/share/texlive/texmf-dist/tex/generic/circuitik
z/pgfcircvoltage.tex)
(/data/data/com.termux/files/usr/share/texlive/texmf-dist/tex/generic/circuitik
z/pgfcirccurrent.tex)
(/data/data/com.termux/files/usr/share/texlive/texmf-dist/tex/generic/circuitik
z/pgfcircflow.tex)
(/data/data/com.termux/files/usr/share/texlive/texmf-dist/tex/generic/circuitik
z/pgfcircpath.tex)

Package circuitikz Warning: You did not specify one of the voltage directions:
(circuitikz)                  oldvoltagedirection, nooldvoltagedirection, 
(circuitikz)                  RPvoltages or EFvoltages 
(circuitikz)                Default directions may have changed, 
(circuitikz)                please check the manual.

)
(/data/data/com.termux/files/usr/share/texlive/texmf-dist/tex/latex/tools/verba
tim.sty
Package: verbatim 2019/11/10 v1.5r LaTeX2e package for verbatim enhancements
\every@verbatim=\toks44
\verbatim@line=\toks45
\verbatim@in@stream=\read3
) (/data/data/com.termux/files/home/texmf/tex/latex/tfrupee/tfrupee.sty
Package: tfrupee 2010/12/15 LaTeX Support for the TechFat Rupee symbols by Tech
Fat (http://techfat.blogspot.com/2010/07/new-open-source-india-rupee-font.html)
. Adapted for use with TeX by Palle Jorgensen, hamselv(a)pallej.dk
)
(/data/data/com.termux/files/usr/share/texlive/texmf-dist/tex/latex/hyperref/hy
perref.sty
Package: hyperref 2020/01/14 v7.00d Hypertext links for LaTeX

(/data/data/com.termux/files/usr/share/texlive/texmf-dist/tex/generic/ltxcmds/l
txcmds.sty
Package: ltxcmds 2019/12/15 v1.24 LaTeX kernel commands for general use (HO)
)
(/data/data/com.termux/files/usr/share/texlive/texmf-dist/tex/generic/iftex/ift
ex.sty
Package: iftex 2020/03/06 v1.0d TeX engine tests
)
(/data/data/com.termux/files/usr/share/texlive/texmf-dist/tex/latex/pdftexcmds/
pdftexcmds.sty
Package: pdftexcmds 2019/11/24 v0.31 Utility functions of pdfTeX for LuaTeX (HO
)

(/data/data/com.termux/files/usr/share/texlive/texmf-dist/tex/generic/infwarerr
/infwarerr.sty
Package: infwarerr 2019/12/03 v1.5 Providing info/warning/error messages (HO)
)
Package pdftexcmds Info: \pdf@primitive is available.
Package pdftexcmds Info: \pdf@ifprimitive is available.
Package pdftexcmds Info: \pdfdraftmode is ignored in DVI mode.
)
(/data/data/com.termux/files/usr/share/texlive/texmf-dist/tex/generic/kvsetkeys
/kvsetkeys.sty
Package: kvsetkeys 2019/12/15 v1.18 Key value parser (HO)
)
(/data/data/com.termux/files/usr/share/texlive/texmf-dist/tex/generic/kvdefinek
eys/kvdefinekeys.sty
Package: kvdefinekeys 2019-12-19 v1.6 Define keys (HO)
)
(/data/data/com.termux/files/usr/share/texlive/texmf-dist/tex/generic/pdfescape
/pdfescape.sty
Package: pdfescape 2019/12/09 v1.15 Implements pdfTeX's escape features (HO)
)
(/data/data/com.termux/files/usr/share/texlive/texmf-dist/tex/latex/hycolor/hyc
olor.sty
Package: hycolor 2020-01-27 v1.10 Color options for hyperref/bookmark (HO)
)
(/data/data/com.termux/files/usr/share/texlive/texmf-dist/tex/latex/letltxmacro
/letltxmacro.sty
Package: letltxmacro 2019/12/03 v1.6 Let assignment for LaTeX macros (HO)
)
(/data/data/com.termux/files/usr/share/texlive/texmf-dist/tex/latex/auxhook/aux
hook.sty
Package: auxhook 2019-12-17 v1.6 Hooks for auxiliary files (HO)
)
(/data/data/com.termux/files/usr/share/texlive/texmf-dist/tex/latex/kvoptions/k
voptions.sty
Package: kvoptions 2019/11/29 v3.13 Key value format for package options (HO)
)
\@linkdim=\dimen336
\Hy@linkcounter=\count334
\Hy@pagecounter=\count335

(/data/data/com.termux/files/usr/share/texlive/texmf-dist/tex/latex/hyperref/pd
1enc.def
File: pd1enc.def 2020/01/14 v7.00d Hyperref: PDFDocEncoding definition (HO)
Now handling font encoding PD1 ...
... no UTF-8 mapping file for font encoding PD1
)
(/data/data/com.termux/files/usr/share/texlive/texmf-dist/tex/generic/intcalc/i
ntcalc.sty
Package: intcalc 2019/12/15 v1.3 Expandable calculations with integers (HO)
)
(/data/data/com.termux/files/usr/share/texlive/texmf-dist/tex/generic/etexcmds/
etexcmds.sty
Package: etexcmds 2019/12/15 v1.7 Avoid name clashes with e-TeX commands (HO)
)
\Hy@SavedSpaceFactor=\count336
Package hyperref Info: Option `breaklinks' set `true' on input line 4421.
Package hyperref Info: Hyper figures OFF on input line 4547.
Package hyperref Info: Link nesting OFF on input line 4552.
Package hyperref Info: Hyper index ON on input line 4555.
Package hyperref Info: Plain pages OFF on input line 4562.
Package hyperref Info: Backreferencing OFF on input line 4567.
Package hyperref Info: Implicit mode ON; LaTeX internals redefined.
Package hyperref Info: Bookmarks ON on input line 4800.
\c@Hy@tempcnt=\count337

(/data/data/com.termux/files/usr/share/texlive/texmf-dist/tex/latex/url/url.sty
\Urlmuskip=\muskip17
Package: url 2013/09/16  ver 3.4  Verb mode for urls, etc.
)
LaTeX Info: Redefining \url on input line 5159.
\XeTeXLinkMargin=\dimen337

(/data/data/com.termux/files/usr/share/texlive/texmf-dist/tex/generic/bitset/bi
tset.sty
Package: bitset 2019/12/09 v1.3 Handle bit-vector datatype (HO)

(/data/data/com.termux/files/usr/share/texlive/texmf-dist/tex/generic/bigintcal
c/bigintcalc.sty
Package: bigintcalc 2019/12/15 v1.5 Expandable calculations on big integers (HO
)
))
\Fld@menulength=\count338
\Field@Width=\dimen338
\Fld@charsize=\dimen339
Package hyperref Info: Hyper figures OFF on input line 6430.
Package hyperref Info: Link nesting OFF on input line 6435.
Package hyperref Info: Hyper index ON on input line 6438.
Package hyperref Info: backreferencing OFF on input line 6445.
Package hyperref Info: Link coloring OFF on input line 6450.
Package hyperref Info: Link coloring with OCG OFF on input line 6455.
Package hyperref Info: PDF/A mode OFF on input line 6460.
LaTeX Info: Redefining \ref on input line 6500.
LaTeX Info: Redefining \pageref on input line 6504.

(/data/data/com.termux/files/usr/share/texlive/texmf-dist/tex/generic/atbegshi/
atbegshi.sty
Package: atbegshi 2019/12/05 v1.19 At begin shipout hook (HO)
)
\Hy@abspage=\count339
\c@Item=\count340
\c@Hfootnote=\count341
)
Package hyperref Info: Driver (default): hdvips.

(/data/data/com.termux/files/usr/share/texlive/texmf-dist/tex/latex/hyperref/hd
vips.def
File: hdvips.def 2020/01/14 v7.00d Hyperref driver for dvips

(/data/data/com.termux/files/usr/share/texlive/texmf-dist/tex/latex/hyperref/pd
fmark.def
File: pdfmark.def 2020/01/14 v7.00d Hyperref definitions for pdfmark specials


Package hyperref Warning: You have enabled option `breaklinks'.
(hyperref)                But driver `hdvips.def' does not suppport this.
(hyperref)                Expect trouble with the link areas of broken links.

\pdf@docset=\toks46
\pdf@box=\box79
\pdf@toks=\toks47
\pdf@defaulttoks=\toks48
\HyField@AnnotCount=\count342
\Fld@listcount=\count343
\c@bookmark@seq@number=\count344

(/data/data/com.termux/files/usr/share/texlive/texmf-dist/tex/latex/rerunfilech
eck/rerunfilecheck.sty
Package: rerunfilecheck 2019/12/05 v1.9 Rerun checks for auxiliary files (HO)

(/data/data/com.termux/files/usr/share/texlive/texmf-dist/tex/latex/atveryend/a
tveryend.sty
Package: atveryend 2019-12-11 v1.11 Hooks at the very end of document (HO)
Package atveryend Info: \enddocument detected (standard20110627).
)
(/data/data/com.termux/files/usr/share/texlive/texmf-dist/tex/generic/uniquecou
nter/uniquecounter.sty
Package: uniquecounter 2019/12/15 v1.4 Provide unlimited unique counter (HO)
)
Package uniquecounter Info: New unique counter `rerunfilecheck' on input line 2
86.
)
\Hy@SectionHShift=\skip82
))
(/data/data/com.termux/files/usr/share/texlive/texmf-dist/tex/latex/tkz-euclide
/tkz-euclide.sty
2020/03/03 3.05c tkz-euclide.sty
Package: tkz-euclide 2020/03/03 3.05c for euclidan geometry 

(/data/data/com.termux/files/usr/share/texlive/texmf-dist/tex/latex/tkz-base/tk
z-base.sty
2020/03/03 3.05c tkz-base.sty
Package: tkz-base 2020/03/03 3.05c tkz-base

(/data/data/com.termux/files/usr/share/texlive/texmf-dist/tex/generic/pgf/front
endlayer/tikz/libraries/tikzlibraryangles.code.tex
File: tikzlibraryangles.code.tex 2020/01/08 v3.1.5b (3.1.5b)
)
(/data/data/com.termux/files/usr/share/texlive/texmf-dist/tex/generic/pgf/front
endlayer/tikz/libraries/tikzlibraryarrows.code.tex
File: tikzlibraryarrows.code.tex 2020/01/08 v3.1.5b (3.1.5b)

(/data/data/com.termux/files/usr/share/texlive/texmf-dist/tex/generic/pgf/libra
ries/pgflibraryarrows.code.tex
File: pgflibraryarrows.code.tex 2020/01/08 v3.1.5b (3.1.5b)
\arrowsize=\dimen340
))
(/data/data/com.termux/files/usr/share/texlive/texmf-dist/tex/generic/pgf/front
endlayer/tikz/libraries/tikzlibrarybabel.code.tex
File: tikzlibrarybabel.code.tex 2020/01/08 v3.1.5b (3.1.5b)
)
(/data/data/com.termux/files/usr/share/texlive/texmf-dist/tex/generic/pgf/front
endlayer/tikz/libraries/tikzlibrarydecorations.code.tex
(/data/data/com.termux/files/usr/share/texlive/texmf-dist/tex/generic/pgf/modul
es/pgfmoduledecorations.code.tex
\pgfdecoratedcompleteddistance=\dimen341
\pgfdecoratedremainingdistance=\dimen342
\pgfdecoratedinputsegmentcompleteddistance=\dimen343
\pgfdecoratedinputsegmentremainingdistance=\dimen344
\pgf@decorate@distancetomove=\dimen345
\pgf@decorate@repeatstate=\count345
\pgfdecorationsegmentamplitude=\dimen346
\pgfdecorationsegmentlength=\dimen347
)
\tikz@lib@dec@box=\box80
)
(/data/data/com.termux/files/usr/share/texlive/texmf-dist/tex/generic/pgf/front
endlayer/tikz/libraries/tikzlibrarydecorations.markings.code.tex
(/data/data/com.termux/files/usr/share/texlive/texmf-dist/tex/generic/pgf/libra
ries/decorations/pgflibrarydecorations.markings.code.tex))
(/data/data/com.termux/files/usr/share/texlive/texmf-dist/tex/generic/pgf/front
endlayer/tikz/libraries/tikzlibrarydecorations.pathreplacing.code.tex
(/data/data/com.termux/files/usr/share/texlive/texmf-dist/tex/generic/pgf/libra
ries/decorations/pgflibrarydecorations.pathreplacing.code.tex))
(/data/data/com.termux/files/usr/share/texlive/texmf-dist/tex/generic/pgf/front
endlayer/tikz/libraries/tikzlibrarydecorations.shapes.code.tex
(/data/data/com.termux/files/usr/share/texlive/texmf-dist/tex/generic/pgf/libra
ries/decorations/pgflibrarydecorations.shapes.code.tex))
(/data/data/com.termux/files/usr/share/texlive/texmf-dist/tex/generic/pgf/front
endlayer/tikz/libraries/tikzlibrarydecorations.text.code.tex
(/data/data/com.termux/files/usr/share/texlive/texmf-dist/tex/generic/pgf/libra
ries/decorations/pgflibrarydecorations.text.code.tex
\pgf@lib@dec@text@box=\box81
)
\tikz@lib@dec@te@box=\box82
)
(/data/data/com.termux/files/usr/share/texlive/texmf-dist/tex/generic/pgf/front
endlayer/tikz/libraries/tikzlibrarydecorations.pathmorphing.code.tex
(/data/data/com.termux/files/usr/share/texlive/texmf-dist/tex/generic/pgf/libra
ries/decorations/pgflibrarydecorations.pathmorphing.code.tex))
(/data/data/com.termux/files/usr/share/texlive/texmf-dist/tex/generic/pgf/front
endlayer/tikz/libraries/tikzlibraryintersections.code.tex
(/data/data/com.termux/files/usr/share/texlive/texmf-dist/tex/generic/pgf/libra
ries/pgflibraryintersections.code.tex
\pgf@intersect@solutions=\count346
))
(/data/data/com.termux/files/usr/share/texlive/texmf-dist/tex/generic/pgf/front
endlayer/tikz/libraries/tikzlibrarypatterns.code.tex
File: tikzlibrarypatterns.code.tex 2020/01/08 v3.1.5b (3.1.5b)

(/data/data/com.termux/files/usr/share/texlive/texmf-dist/tex/generic/pgf/libra
ries/pgflibrarypatterns.code.tex
File: pgflibrarypatterns.code.tex 2020/01/08 v3.1.5b (3.1.5b)
))
(/data/data/com.termux/files/usr/share/texlive/texmf-dist/tex/generic/pgf/front
endlayer/tikz/libraries/tikzlibraryplotmarks.code.tex
File: tikzlibraryplotmarks.code.tex 2020/01/08 v3.1.5b (3.1.5b)

(/data/data/com.termux/files/usr/share/texlive/texmf-dist/tex/generic/pgf/libra
ries/pgflibraryplotmarks.code.tex
File: pgflibraryplotmarks.code.tex 2020/01/08 v3.1.5b (3.1.5b)
))
(/data/data/com.termux/files/usr/share/texlive/texmf-dist/tex/generic/pgf/front
endlayer/tikz/libraries/tikzlibrarypositioning.code.tex
File: tikzlibrarypositioning.code.tex 2020/01/08 v3.1.5b (3.1.5b)
)
(/data/data/com.termux/files/usr/share/texlive/texmf-dist/tex/generic/pgf/front
endlayer/tikz/libraries/tikzlibraryquotes.code.tex
File: tikzlibraryquotes.code.tex 2020/01/08 v3.1.5b (3.1.5b)
)
(/data/data/com.termux/files/usr/share/texlive/texmf-dist/tex/generic/pgf/front
endlayer/tikz/libraries/tikzlibraryshadows.code.tex
File: tikzlibraryshadows.code.tex 2020/01/08 v3.1.5b (3.1.5b)

(/data/data/com.termux/files/usr/share/texlive/texmf-dist/tex/generic/pgf/front
endlayer/tikz/libraries/tikzlibraryfadings.code.tex
File: tikzlibraryfadings.code.tex 2020/01/08 v3.1.5b (3.1.5b)

(/data/data/com.termux/files/usr/share/texlive/texmf-dist/tex/generic/pgf/libra
ries/pgflibraryfadings.code.tex
File: pgflibraryfadings.code.tex 2020/01/08 v3.1.5b (3.1.5b)


Package pgf Warning: Your graphic driver pgfsys-dvips.def does not support fadi
ngs. This warning is given only once on input line 31.

)))
(/data/data/com.termux/files/usr/share/texlive/texmf-dist/tex/generic/pgf/front
endlayer/tikz/libraries/tikzlibraryshapes.misc.code.tex
File: tikzlibraryshapes.misc.code.tex 2020/01/08 v3.1.5b (3.1.5b)

(/data/data/com.termux/files/usr/share/texlive/texmf-dist/tex/generic/pgf/libra
ries/shapes/pgflibraryshapes.misc.code.tex
File: pgflibraryshapes.misc.code.tex 2020/01/08 v3.1.5b (3.1.5b)
))
(/data/data/com.termux/files/usr/share/texlive/texmf-dist/tex/generic/pgf/front
endlayer/tikz/libraries/tikzlibrarythrough.code.tex
File: tikzlibrarythrough.code.tex 2020/01/08 v3.1.5b (3.1.5b)
)
(/data/data/com.termux/files/usr/share/texlive/texmf-dist/tex/latex/numprint/nu
mprint.sty
Package: numprint 2012/08/20 v1.39 Print numbers (HH)
\c@nprt@mantissa@digitsbefore=\count347
\c@nprt@mantissa@digitsafter=\count348
\c@nprt@exponent@digitsbefore=\count349
\c@nprt@exponent@digitsafter=\count350
\nprt@digitwidth=\skip83
\nprt@sepwidth=\skip84
\nprt@decimalwidth=\skip85
\nprt@blockwidth=\skip86
\nprt@digittoks=\toks49
\nprt@pretoks=\toks50
\nprt@posttoks=\toks51
\nprt@thisdigit=\count351
\nprt@curpos=\count352
\nprt@rndpos=\count353
\c@nprt@digitsfirstblock=\count354
\c@nprt@blockcnt=\count355
\c@nprt@cntprint=\count356
 No configuration file `numprint.cfg' found.)
(/data/data/com.termux/files/usr/share/texlive/texmf-dist/tex/latex/l3packages/
xfp/xfp.sty
Package: xfp 2020-03-06 L3 Floating point unit
)
(/data/data/com.termux/files/usr/share/texlive/texmf-dist/tex/latex/fp/fp.sty
Package: fp 1995/04/02

`Fixed Point Package', Version 0.8, April 2, 1995 (C) Michael Mehlich
(/data/data/com.termux/files/usr/share/texlive/texmf-dist/tex/latex/fp/defpatte
rn.sty
Package: defpattern 1994/10/12
\actioncount=\count357
)
(/data/data/com.termux/files/usr/share/texlive/texmf-dist/tex/latex/fp/fp-basic
.sty
Package: fp-basic 1996/05/13
\FP@xs=\count358
\FP@xia=\count359
\FP@xib=\count360
\FP@xfa=\count361
\FP@xfb=\count362
\FP@rega=\count363
\FP@regb=\count364
\FP@regs=\count365
\FP@times=\count366
)
(/data/data/com.termux/files/usr/share/texlive/texmf-dist/tex/latex/fp/fp-addon
s.sty
Package: fp-addons 1995/03/15
)
(/data/data/com.termux/files/usr/share/texlive/texmf-dist/tex/latex/fp/fp-snap.
sty
Package: fp-snap 1995/04/05
)
(/data/data/com.termux/files/usr/share/texlive/texmf-dist/tex/latex/fp/fp-exp.s
ty
Package: fp-exp 1995/04/03
)
(/data/data/com.termux/files/usr/share/texlive/texmf-dist/tex/latex/fp/fp-trigo
.sty
Package: fp-trigo 1995/04/14
)
(/data/data/com.termux/files/usr/share/texlive/texmf-dist/tex/latex/fp/fp-pas.s
ty
Package: fp-pas 1994/08/29
)
(/data/data/com.termux/files/usr/share/texlive/texmf-dist/tex/latex/fp/fp-rando
m.sty
Package: fp-random 1995/02/23
\FPseed=\count367
)
(/data/data/com.termux/files/usr/share/texlive/texmf-dist/tex/latex/fp/fp-eqn.s
ty
Package: fp-eqn 1995/04/03
)
(/data/data/com.termux/files/usr/share/texlive/texmf-dist/tex/latex/fp/fp-upn.s
ty
Package: fp-upn 1996/10/21
)
(/data/data/com.termux/files/usr/share/texlive/texmf-dist/tex/latex/fp/fp-eval.
sty
Package: fp-eval 1995/04/03
))
\tkzRadius=\dimen348
\tkzLength=\dimen349
\tkz@radi=\dimen350
\tkz@ax=\dimen351
\tkz@ay=\dimen352
\tkz@bx=\dimen353
\tkz@by=\dimen354
\tkz@cx=\dimen355
\tkz@cy=\dimen356
\tkz@dx=\dimen357
\tkz@dy=\dimen358
\tkz@tax=\dimen359
\tkz@tay=\dimen360
\tkz@tbx=\dimen361
\tkz@tby=\dimen362
\tkz@tcx=\dimen363
\tkz@tcy=\dimen364
\tkz@tdx=\dimen365
\tkz@tdy=\dimen366
\tkz@cntmk=\count368

Local configuration file tkz-base.cfg found and used

(/data/data/com.termux/files/usr/share/texlive/texmf-dist/tex/latex/tkz-base/tk
z-base.cfg
2020/03/03 3.05c tkz-base.cfg
)
(/data/data/com.termux/files/usr/share/texlive/texmf-dist/tex/latex/tkz-base/tk
z-tools-modules.tex
2020/03/03 3.05c tkz-tools-utilities.tex
)
(/data/data/com.termux/files/usr/share/texlive/texmf-dist/tex/latex/tkz-base/tk
z-lib-marks.tex
2020/03/03 3.05c tkz-lib-symbols.tex
)
(/data/data/com.termux/files/usr/share/texlive/texmf-dist/tex/latex/tkz-base/tk
z-tools-base.tex
2020/03/03 3.05c tkz-tools-base.tex
)
(/data/data/com.termux/files/usr/share/texlive/texmf-dist/tex/latex/tkz-base/tk
z-tools-utilities.tex
2020/03/03 3.05c tkz-tools-utilities.tex
)
(/data/data/com.termux/files/usr/share/texlive/texmf-dist/tex/latex/tkz-euclide
/tkz-tools-math.tex
2020/03/03 3.05c tkz-tools-math.tex
)
(/data/data/com.termux/files/usr/share/texlive/texmf-dist/tex/latex/tkz-base/tk
z-tools-text.tex
2020/03/03 3.05c tkz-tools-text.tex
)
(/data/data/com.termux/files/usr/share/texlive/texmf-dist/tex/latex/tkz-base/tk
z-tools-BB.tex
2020/03/03 3.05c tkz-obj-BB.tex
)
(/data/data/com.termux/files/usr/share/texlive/texmf-dist/tex/latex/tkz-base/tk
z-tools-arith.tex
2020/03/03 3.05c tkz-tools-arith.tex
File: tkz-tool-arith.tex tkz-tool-arith 3.02 c
)
(/data/data/com.termux/files/usr/share/texlive/texmf-dist/tex/latex/tkz-base/tk
z-tools-print.tex
2020/03/03 3.05c tkz-tools-print.tex
)
(/data/data/com.termux/files/usr/share/texlive/texmf-dist/tex/latex/tkz-base/tk
z-tools-misc.tex
2020/03/03 3.05c tkz-tools-misc.tex
)
(/data/data/com.termux/files/usr/share/texlive/texmf-dist/tex/latex/tkz-base/tk
z-obj-axes.tex
2020/03/03 3.05c tkz-obj-axes.tex
)
(/data/data/com.termux/files/usr/share/texlive/texmf-dist/tex/latex/tkz-base/tk
z-obj-grids.tex
2020/03/03 3.05c tkz-obj-grids.tex
)
(/data/data/com.termux/files/usr/share/texlive/texmf-dist/tex/latex/tkz-base/tk
z-obj-marks.tex
2020/03/03 3.05c tkz-obj-marks.tex
)
(/data/data/com.termux/files/usr/share/texlive/texmf-dist/tex/latex/tkz-base/tk
z-obj-points.tex
2020/03/03 3.05c tkz-obj-points.tex
)
(/data/data/com.termux/files/usr/share/texlive/texmf-dist/tex/latex/tkz-base/tk
z-obj-rep.tex
2020/03/03 3.05c tkz-obj-rep.tex
))
(/data/data/com.termux/files/usr/share/texlive/texmf-dist/tex/latex/tkz-euclide
/tkz-tools-intersections.tex
2020/03/03 3.05c tkz-tools-intersections.tex
)
(/data/data/com.termux/files/usr/share/texlive/texmf-dist/tex/latex/tkz-euclide
/tkz-tools-angles.tex
2020/03/03 3.05c tkz-tools-angles.tex
)
(/data/data/com.termux/files/usr/share/texlive/texmf-dist/tex/latex/tkz-euclide
/tkz-obj-eu-angles.tex
2020/03/03 3.05c tkz-tool-eu-angles.tex
\tkz@arcsize=\dimen367
\tkz@fillsize=\dimen368
)
(/data/data/com.termux/files/usr/share/texlive/texmf-dist/tex/latex/tkz-euclide
/tkz-obj-eu-arcs.tex
2020/03/23 3.05c tkz-obj-eu-arcs.tex
)
(/data/data/com.termux/files/usr/share/texlive/texmf-dist/tex/latex/tkz-euclide
/tkz-obj-eu-compass.tex
2020/03/03 3.05c tkz-obj-eu-compass.tex
)
(/data/data/com.termux/files/usr/share/texlive/texmf-dist/tex/latex/tkz-euclide
/tkz-obj-eu-circles.tex
2020/03/03 3.05c tkz-obj-eu-circles.tex
)
(/data/data/com.termux/files/usr/share/texlive/texmf-dist/tex/latex/tkz-euclide
/tkz-obj-eu-draw-circles.tex
2020/03/03 3.05c tkz-obj-eu-draw-circles.tex
)
(/data/data/com.termux/files/usr/share/texlive/texmf-dist/tex/latex/tkz-euclide
/tkz-obj-eu-draw-lines.tex
2020/03/03 3.05c tkz-obj-eu-draw-lines.tex
)
(/data/data/com.termux/files/usr/share/texlive/texmf-dist/tex/latex/tkz-euclide
/tkz-obj-eu-draw-polygons.tex
2020/03/03 3.05c tkz-obj-eu-polygons.tex
)
(/data/data/com.termux/files/usr/share/texlive/texmf-dist/tex/latex/tkz-euclide
/tkz-obj-eu-draw-triangles.tex)
(/data/data/com.termux/files/usr/share/texlive/texmf-dist/tex/latex/tkz-euclide
/tkz-obj-eu-lines.tex
2020/03/03 3.05c tkz-obj-eu-lines.tex
)
(/data/data/com.termux/files/usr/share/texlive/texmf-dist/tex/latex/tkz-euclide
/tkz-obj-eu-points.tex
2020/03/03 3.05c tkz-obj-eu-points.tex
)
(/data/data/com.termux/files/usr/share/texlive/texmf-dist/tex/latex/tkz-euclide
/tkz-obj-eu-points-by.tex
2020/03/03 3.05c tkz-tools-eu-points-by.tex
)
(/data/data/com.termux/files/usr/share/texlive/texmf-dist/tex/latex/tkz-euclide
/tkz-obj-eu-points-rnd.tex
2020/03/03 3.05c tkz-obj-eu-points-rnd.tex
)
(/data/data/com.termux/files/usr/share/texlive/texmf-dist/tex/latex/tkz-euclide
/tkz-obj-eu-points-with.tex
2020/03/03 3.05c tkz-obj-eu-points-with.tex
)
(/data/data/com.termux/files/usr/share/texlive/texmf-dist/tex/latex/tkz-euclide
/tkz-obj-eu-polygons.tex
2020/03/03 3.05c tkz-obj-eu-polygons.tex
)
(/data/data/com.termux/files/usr/share/texlive/texmf-dist/tex/latex/tkz-euclide
/tkz-obj-eu-protractor.tex
2020/03/03 3.05c tkz-obj-eu-protractor.tex
)
(/data/data/com.termux/files/usr/share/texlive/texmf-dist/tex/latex/tkz-euclide
/tkz-obj-eu-sectors.tex
2020/03/03 3.05c tkz-obj-eu-sectors.tex
)
(/data/data/com.termux/files/usr/share/texlive/texmf-dist/tex/latex/tkz-euclide
/tkz-obj-eu-show.tex
2020/03/03 3.05c tkz-obj-eu-show.tex
)
(/data/data/com.termux/files/usr/share/texlive/texmf-dist/tex/latex/tkz-euclide
/tkz-obj-eu-triangles.tex
2020/03/03 3.05c tkz-obj-eu-triangles.tex
))
(/data/data/com.termux/files/usr/share/texlive/texmf-dist/tex/generic/pgf/front
endlayer/tikz/libraries/tikzlibrarymath.code.tex
\tikz@math@for@depth=\count369
\tikz@math@dimen=\dimen369
\tikz@math@toks=\toks52
)
(/data/data/com.termux/files/usr/share/texlive/texmf-dist/tex/latex/listings/li
stings.sty
\lst@mode=\count370
\lst@gtempboxa=\box83
\lst@token=\toks53
\lst@length=\count371
\lst@currlwidth=\dimen370
\lst@column=\count372
\lst@pos=\count373
\lst@lostspace=\dimen371
\lst@width=\dimen372
\lst@newlines=\count374
\lst@lineno=\count375
\lst@maxwidth=\dimen373

(/data/data/com.termux/files/usr/share/texlive/texmf-dist/tex/latex/listings/ls
tmisc.sty
File: lstmisc.sty 2020/03/24 1.8d (Carsten Heinz)
\c@lstnumber=\count376
\lst@skipnumbers=\count377
\lst@framebox=\box84
)
(/data/data/com.termux/files/usr/share/texlive/texmf-dist/tex/latex/listings/li
stings.cfg
File: listings.cfg 2020/03/24 1.8d listings configuration
))
Package: listings 2020/03/24 1.8d (Carsten Heinz)

(/data/data/com.termux/files/usr/share/texlive/texmf-dist/tex/latex/tools/hhlin
e.sty
Package: hhline 2020/01/04 v2.04 Table rule package (DPC)
)
(/data/data/com.termux/files/usr/share/texlive/texmf-dist/tex/latex/base/ifthen
.sty
Package: ifthen 2014/09/29 v1.1c Standard LaTeX ifthen package (DPC)
)
(/data/data/com.termux/files/usr/share/texlive/texmf-dist/tex/latex/graphics/ls
cape.sty
Package: lscape 2000/10/22 v3.01 Landscape Pages (DPC)
)
(/data/data/com.termux/files/usr/share/texlive/texmf-dist/tex/latex/tools/multi
col.sty
Package: multicol 2019/12/09 v1.8y multicolumn formatting (FMi)
\c@tracingmulticols=\count378


Package multicol Warning: May not work with the twocolumn option on input line 
141.

\mult@box=\box85
\multicol@leftmargin=\dimen374
\c@unbalance=\count379
\c@collectmore=\count380
\doublecol@number=\count381
\multicoltolerance=\count382
\multicolpretolerance=\count383
\full@width=\dimen375
\page@free=\dimen376
\premulticols=\dimen377
\postmulticols=\dimen378
\multicolsep=\skip87
\multicolbaselineskip=\skip88
\partial@page=\box86
\last@line=\box87
\maxbalancingoverflow=\dimen379
\mult@rightbox=\box88
\mult@grightbox=\box89
\mult@gfirstbox=\box90
\mult@firstbox=\box91
\@tempa=\box92
\@tempa=\box93
\@tempa=\box94
\@tempa=\box95
\@tempa=\box96
\@tempa=\box97
\@tempa=\box98
\@tempa=\box99
\@tempa=\box100
\@tempa=\box101
\@tempa=\box102
\@tempa=\box103
\@tempa=\box104
\@tempa=\box105
\@tempa=\box106
\@tempa=\box107
\@tempa=\box108
\@tempa=\box109
\@tempa=\box110
\@tempa=\box111
\@tempa=\box112
\@tempa=\box113
\@tempa=\box114
\@tempa=\box115
\@tempa=\box116
\@tempa=\box117
\@tempa=\box118
\@tempa=\box119
\@tempa=\box120
\@tempa=\box121
\@tempa=\box122
\@tempa=\box123
\@tempa=\box124
\@tempa=\box125
\@tempa=\box126
\@tempa=\box127
\@tempa=\box128
\c@minrows=\count384
\c@columnbadness=\count385
\c@finalcolumnbadness=\count386
\last@try=\dimen380
\multicolovershoot=\dimen381
\multicolundershoot=\dimen382
\mult@nat@firstbox=\box129
\colbreak@box=\box130
\mc@col@check@num=\count387
)
(/data/data/com.termux/files/usr/share/texlive/texmf-dist/tex/latex/chngcntr/ch
ngcntr.sty
Package: chngcntr 2018/04/09 v1.1a change counter resetting
Package chngcntr Info: \counterwithout already defined.
(chngcntr)             Quitting chngcntr on input line 21.
) (./gvv_ncert_geo.aux)
\openout1 = `gvv_ncert_geo.aux'.

LaTeX Font Info:    Checking defaults for OML/txmi/m/it on input line 88.
LaTeX Font Info:    Trying to load font information for OML+txmi on input line 
88.

(/data/data/com.termux/files/usr/share/texlive/texmf-dist/tex/latex/txfonts/oml
txmi.fd
File: omltxmi.fd 2000/12/15 v3.1
)
LaTeX Font Info:    ... okay on input line 88.
LaTeX Font Info:    Checking defaults for OMS/txsy/m/n on input line 88.
LaTeX Font Info:    Trying to load font information for OMS+txsy on input line 
88.

(/data/data/com.termux/files/usr/share/texlive/texmf-dist/tex/latex/txfonts/oms
txsy.fd
File: omstxsy.fd 2000/12/15 v3.1
)
LaTeX Font Info:    ... okay on input line 88.
LaTeX Font Info:    Checking defaults for OT1/cmr/m/n on input line 88.
LaTeX Font Info:    ... okay on input line 88.
LaTeX Font Info:    Checking defaults for T1/cmr/m/n on input line 88.
LaTeX Font Info:    ... okay on input line 88.
LaTeX Font Info:    Checking defaults for TS1/cmr/m/n on input line 88.
LaTeX Font Info:    ... okay on input line 88.
LaTeX Font Info:    Checking defaults for OMX/txex/m/n on input line 88.
LaTeX Font Info:    Trying to load font information for OMX+txex on input line 
88.

(/data/data/com.termux/files/usr/share/texlive/texmf-dist/tex/latex/txfonts/omx
txex.fd
File: omxtxex.fd 2000/12/15 v3.1
)
LaTeX Font Info:    ... okay on input line 88.
LaTeX Font Info:    Checking defaults for U/txexa/m/n on input line 88.
LaTeX Font Info:    Trying to load font information for U+txexa on input line 8
8.

(/data/data/com.termux/files/usr/share/texlive/texmf-dist/tex/latex/txfonts/utx
exa.fd
File: utxexa.fd 2000/12/15 v3.1
)
LaTeX Font Info:    ... okay on input line 88.
LaTeX Font Info:    Checking defaults for PD1/pdf/m/n on input line 88.
LaTeX Font Info:    ... okay on input line 88.
LaTeX Font Info:    Trying to load font information for OT1+txr on input line 8
8.

(/data/data/com.termux/files/usr/share/texlive/texmf-dist/tex/latex/txfonts/ot1
txr.fd
File: ot1txr.fd 2000/12/15 v3.1
)
LaTeX Font Info:    Font shape `OT1/txr/b/n' in size <6> not available
(Font)              Font shape `OT1/txr/bx/n' tried instead on input line 88.
LaTeX Font Info:    Font shape `OT1/txr/b/it' in size <6> not available
(Font)              Font shape `OT1/txr/bx/it' tried instead on input line 88.
LaTeX Font Info:    Font shape `OT1/txr/b/n' in size <8> not available
(Font)              Font shape `OT1/txr/bx/n' tried instead on input line 88.
LaTeX Font Info:    Font shape `OT1/txr/b/it' in size <8> not available
(Font)              Font shape `OT1/txr/bx/it' tried instead on input line 88.
LaTeX Font Info:    Font shape `OT1/txr/b/n' in size <9> not available
(Font)              Font shape `OT1/txr/bx/n' tried instead on input line 88.
LaTeX Font Info:    Font shape `OT1/txr/b/it' in size <9> not available
(Font)              Font shape `OT1/txr/bx/it' tried instead on input line 88.
LaTeX Font Info:    Font shape `OT1/txr/b/n' in size <10> not available
(Font)              Font shape `OT1/txr/bx/n' tried instead on input line 88.
LaTeX Font Info:    Font shape `OT1/txr/b/it' in size <10> not available
(Font)              Font shape `OT1/txr/bx/it' tried instead on input line 88.
LaTeX Font Info:    Font shape `OT1/txr/b/n' in size <12> not available
(Font)              Font shape `OT1/txr/bx/n' tried instead on input line 88.
LaTeX Font Info:    Font shape `OT1/txr/b/it' in size <12> not available
(Font)              Font shape `OT1/txr/bx/it' tried instead on input line 88.
LaTeX Font Info:    Font shape `OT1/txr/b/n' in size <14> not available
(Font)              Font shape `OT1/txr/bx/n' tried instead on input line 88.
LaTeX Font Info:    Font shape `OT1/txr/b/it' in size <14> not available
(Font)              Font shape `OT1/txr/bx/it' tried instead on input line 88.
LaTeX Font Info:    Font shape `OT1/txr/b/n' in size <20> not available
(Font)              Font shape `OT1/txr/bx/n' tried instead on input line 88.
LaTeX Font Info:    Font shape `OT1/txr/b/it' in size <20> not available
(Font)              Font shape `OT1/txr/bx/it' tried instead on input line 88.
LaTeX Font Info:    Font shape `OT1/txr/b/n' in size <22> not available
(Font)              Font shape `OT1/txr/bx/n' tried instead on input line 88.
LaTeX Font Info:    Font shape `OT1/txr/b/it' in size <22> not available
(Font)              Font shape `OT1/txr/bx/it' tried instead on input line 88.
LaTeX Font Info:    Font shape `OT1/txr/b/n' in size <24> not available
(Font)              Font shape `OT1/txr/bx/n' tried instead on input line 88.
LaTeX Font Info:    Font shape `OT1/txr/b/it' in size <24> not available
(Font)              Font shape `OT1/txr/bx/it' tried instead on input line 88.

-- Lines per column: 50 (exact).
LaTeX Info: Redefining \celsius on input line 88.
Package gensymb Info: Faking symbols for \degree and \celsius on input line 88.


Package gensymb Warning: Not defining \perthousand.

LaTeX Info: Redefining \ohm on input line 88.
Package gensymb Info: Using \Omega for \ohm on input line 88.

Package gensymb Warning: Not defining \micro.


(/data/data/com.termux/files/home/texmf/tex/latex/gvv-slides/base/translator/di
cts/translator-basic-dictionary/translator-basic-dictionary-English.dict
Dictionary: translator-basic-dictionary, Language: English 
)
(/data/data/com.termux/files/usr/share/texlive/texmf-dist/tex/latex/siunitx/siu
nitx-abbreviations.cfg
File: siunitx-abbreviations.cfg 2017/11/26 v2.7k siunitx: Abbreviated units
)
Package caption Info: Begin \AtBeginDocument code.
Package caption Info: subfig package v1.3 is loaded.
Package caption Info: hyperref package is loaded.
Package caption Info: listings package is loaded.
Package caption Info: longtable package is loaded.

(/data/data/com.termux/files/usr/share/texlive/texmf-dist/tex/latex/caption/ltc
aption.sty
Package: ltcaption 2018/08/26 v1.4a longtable captions (AR)
)
Package caption Info: End \AtBeginDocument code.
 ABD: EveryShipout initializing macros
\AtBeginShipoutBox=\box131
Package hyperref Info: Link coloring OFF on input line 88.

(/data/data/com.termux/files/usr/share/texlive/texmf-dist/tex/latex/hyperref/na
meref.sty
Package: nameref 2019/09/16 v2.46 Cross-referencing by name of section

(/data/data/com.termux/files/usr/share/texlive/texmf-dist/tex/latex/refcount/re
fcount.sty
Package: refcount 2019/12/15 v3.6 Data extraction from label references (HO)
)
(/data/data/com.termux/files/usr/share/texlive/texmf-dist/tex/generic/gettitles
tring/gettitlestring.sty
Package: gettitlestring 2019/12/15 v1.6 Cleanup title references (HO)
)
\c@section@level=\count388
)
LaTeX Info: Redefining \ref on input line 88.
LaTeX Info: Redefining \pageref on input line 88.
LaTeX Info: Redefining \nameref on input line 88.
 (./gvv_ncert_geo.out) (./gvv_ncert_geo.out)
\@outlinefile=\write4
\openout4 = `gvv_ncert_geo.out'.

\c@lstlisting=\count389
LaTeX Font Info:    Trying to load font information for U+rsfs on input line 88
.

(/data/data/com.termux/files/usr/share/texlive/texmf-dist/tex/latex/jknapltx/ur
sfs.fd
File: ursfs.fd 1998/03/24 rsfs font definition file (jk)
)
LaTeX Font Info:    Trying to load font information for U+txmia on input line 8
8.

(/data/data/com.termux/files/usr/share/texlive/texmf-dist/tex/latex/txfonts/utx
mia.fd
File: utxmia.fd 2000/12/15 v3.1
)
LaTeX Font Info:    Trying to load font information for U+txsya on input line 8
8.

(/data/data/com.termux/files/usr/share/texlive/texmf-dist/tex/latex/txfonts/utx
sya.fd
File: utxsya.fd 2000/12/15 v3.1
)
LaTeX Font Info:    Trying to load font information for U+txsyb on input line 8
8.

(/data/data/com.termux/files/usr/share/texlive/texmf-dist/tex/latex/txfonts/utx
syb.fd
File: utxsyb.fd 2000/12/15 v3.1
)
LaTeX Font Info:    Trying to load font information for U+txsyc on input line 8
8.

(/data/data/com.termux/files/usr/share/texlive/texmf-dist/tex/latex/txfonts/utx
syc.fd
File: utxsyc.fd 2000/12/15 v3.1
)
LaTeX Font Info:    Trying to load font information for OT1+txss on input line 
88.

(/data/data/com.termux/files/usr/share/texlive/texmf-dist/tex/latex/txfonts/ot1
txss.fd
File: ot1txss.fd 2000/12/15 v3.1
)
LaTeX Font Info:    Font shape `OT1/txss/m/n' will be
(Font)              scaled to size 11.39996pt on input line 88.
LaTeX Font Info:    Font shape `OT1/txss/m/n' will be
(Font)              scaled to size 7.59998pt on input line 88.
LaTeX Font Info:    Font shape `OT1/txss/m/n' will be
(Font)              scaled to size 5.69998pt on input line 88.
LaTeX Font Info:    Trying to load font information for OT1+txtt on input line 
88.

(/data/data/com.termux/files/usr/share/texlive/texmf-dist/tex/latex/txfonts/ot1
txtt.fd
File: ot1txtt.fd 2000/12/15 v3.1
)
\c@theorem=\count390
\c@problem=\count391
\c@proposition=\count392
\c@lemma=\count393
\c@example=\count394
\c@rem=\count395
File: iith_logo.eps Graphic file (type eps)
 <iith_logo.eps>
LaTeX Font Info:    Calculating math sizes for size <24> on input line 244.
LaTeX Font Info:    Font shape `OT1/txss/m/n' will be
(Font)              scaled to size 22.79993pt on input line 244.
LaTeX Font Info:    Font shape `OT1/txss/m/n' will be
(Font)              scaled to size 15.95987pt on input line 244.
LaTeX Font Info:    Font shape `OT1/txr/b/n' in size <17> not available
(Font)              Font shape `OT1/txr/bx/n' tried instead on input line 244.
File: tlc.eps Graphic file (type eps)
 <tlc.eps>
LaTeX Font Info:    Calculating math sizes for size <14> on input line 244.
LaTeX Font Info:    Font shape `OT1/txss/m/n' will be
(Font)              scaled to size 13.29996pt on input line 244.
LaTeX Font Info:    Font shape `OT1/txss/m/n' will be
(Font)              scaled to size 9.30992pt on input line 244.
LaTeX Font Info:    Font shape `OT1/txss/m/n' will be
(Font)              scaled to size 6.64998pt on input line 244.
File: iith_logo.eps Graphic file (type eps)
 <iith_logo.eps>
File: tlc.eps Graphic file (type eps)
 <tlc.eps>
File: iith_logo.eps Graphic file (type eps)
 <iith_logo.eps>
File: tlc.eps Graphic file (type eps)

<tlc.eps> (./gvv_ncert_geo.toc)
\tf@toc=\write5
\openout5 = `gvv_ncert_geo.toc'.

LaTeX Font Info:    Font shape `OT1/txss/m/n' will be
(Font)              scaled to size 9.49997pt on input line 285.
LaTeX Font Info:    Font shape `OT1/txss/m/n' will be
(Font)              scaled to size 4.74998pt on input line 285.
LaTeX Font Info:    Font shape `OT1/txr/b/n' in size <7> not available
(Font)              Font shape `OT1/txr/bx/n' tried instead on input line 285.
 (./chapters/baudh/tri_geo_rt.tex
(./figs/triangle/tri_right_angle.tex) [1


] (./figs/triangle/tri_polar.tex))
(./chapters/baudh/tri_geo_sum_angle.tex (./figs/triangle/tri_sum_angle.tex)
[2]) (./chapters/baudh/tri_geo_baudh.tex (./figs/triangle/tri_baudh.tex)
Underfull \vbox (badness 1454) has occurred while \output is active []

 [3])
(./chapters/area/tri_geo_rect_area.tex (./figs/triangle/tri_rect.tex)
(./figs/triangle/tri_sss.tex) [4]
Overfull \hbox (2.03821pt too wide) detected at line 78
[]
 []

[5]) (./chapters/area/tri_geo_sincos.tex
Overfull \hbox (22.29663pt too wide) detected at line 14
[]\OML/txmi/m/it/12 ar [] \OT1/txr/m/n/12 = []\OML/txmi/m/it/12 ah \OT1/txr/m/n
/12 = []\OML/txmi/m/it/12 ab [] C  [] :
 []

(./figs/triangle/tri_right_angle.tex)
Underfull \vbox (badness 1688) has occurred while \output is active []


(./figs/triangle/tri_cosine_formula.tex)
Underfull \vbox (badness 10000) has occurred while \output is active []

 [6]
(./figs/triangle/tri_sin_inc.tex
Missing character: There is no ; in font nullfont!
Missing character: There is no ; in font nullfont!
Missing character: There is no ; in font nullfont!
) (./figs/quad/tri_ang_side.tex))
(./chapters/area/tri_geo_hero.tex
LaTeX Font Info:    Font shape `OT1/txss/m/n' will be
(Font)              scaled to size 8.54997pt on input line 21.
 [7]) (./chapters/circumc/tri_geo_ccentre.tex
(./figs/circle/tri_ccentre.tex)
Underfull \vbox (badness 10000) has occurred while \output is active []

 [8])
(./chapters/circumc/tri_geo_cradius.tex
Underfull \vbox (badness 1189) has occurred while \output is active []


Underfull \vbox (badness 10000) has occurred while \output is active []

 [9])
(./chapters/circumc/tri_geo_ccircle.tex (./figs/circle/tri_ccircle.tex))
(./chapters/inc/tri_geo_icentre.tex [10] (./figs/circle/tri_icentre.tex))
(./chapters/inc/tri_geo_icircle.tex (./figs/circle/tri_icircle.tex))
(./chapters/inc/tri_geo_cong.tex [11]) (./chapters/median/tri_geo_bpt.tex
(./figs/triangle/tri_med_sim.tex)
Underfull \vbox (badness 2529) has occurred while \output is active []

)
(./chapters/median/tri_geo_sim.tex) (./chapters/median/tri_geo_centroid.tex
(./figs/triangle/tri_med_centroid.tex) [12] (./figs/triangle/tri_med_meet.tex)
Underfull \hbox (badness 4995) in paragraph at lines 40--42
\OT1/txr/bx/n/12 Solution: \OT1/txr/m/n/12 From The-o-rem [][]5.1.6[][][], $\OM
L/txmi/m/it/12 EF\OMS/txsy/m/n/12 jj\OML/txmi/m/it/12 BC$\OT1/txr/m/n/12 .
 []

(./figs/triangle/tri_med_meet_proof.tex) [13])
(./chapters/median/tri_geo_med_area.tex) (./chapters/quad/quad_geo_prop.tex
(./figs/quad/tri_med_pgm.tex) (./figs/quad/pgm_sas.tex)
Underfull \vbox (badness 6493) has occurred while \output is active []

 [14]
(./figs/quad/pgm_sss.tex) (./figs/quad/rhom_sss.tex) [15]
(./figs/quad/square.tex)) (./chapters/area/circ_geo_area.tex
(./figs/circle/circ_polygon.tex
Missing character: There is no ; in font nullfont!
Missing character: There is no ; in font nullfont!
Missing character: There is no ; in font nullfont!
Missing character: There is no ; in font nullfont!
Missing character: There is no ; in font nullfont!
Missing character: There is no ; in font nullfont!
) (./figs/circle/tri_poly_circ.tex
Missing character: There is no ; in font nullfont!
)
Underfull \vbox (badness 6910) has occurred while \output is active []

 [16]
(./figs/circle/circ_poly_squeeze.tex)
Underfull \vbox (badness 10000) has occurred while \output is active []

 [17]
Underfull \hbox (badness 2189) in paragraph at lines 220--224
\OT1/txr/bx/n/12 Solution: \OT1/txr/m/n/12 From [] and [], the
 []

) (./chapters/misc/circ_geo_prop.tex (./figs/misc/circ_dia_rt.tex)
(./figs/misc/circ_chord_prod.tex) (./figs/misc/circ_tang_icept.tex
Missing character: There is no ; in font nullfont!
Missing character: There is no ; in font nullfont!
Missing character: There is no ; in font nullfont!
Missing character: There is no ; in font nullfont!
Missing character: There is no ; in font nullfont!
)
Underfull \vbox (badness 5091) has occurred while \output is active []

 [18]
(./figs/misc/chord_tang_prod.tex)
Underfull \vbox (badness 3635) has occurred while \output is active []

)
(./chapters/quad/trig_id.tex (./figs/triangle/tri_sin_inc.tex
Missing character: There is no ; in font nullfont!
Missing character: There is no ; in font nullfont!
Missing character: There is no ; in font nullfont!
) [19]
Underfull \vbox (badness 10000) has occurred while \output is active []


Underfull \vbox (badness 10000) has occurred while \output is active []

 [20])
(./chapters/quad/quad_const_exam.tex (./figs/quad/quad_sss.tex)
(./figs/quad/tri_rot.tex)
Underfull \vbox (badness 10000) has occurred while \output is active []

 [21])
(./chapters/misc/tri_geo_alt.tex (./figs/triangle/tri_alt.tex) [22]
(./figs/triangle/tri_alt_h.tex)) (./chapters/exercises/tri_geo_exer.tex
(./solutions/1/1/chapters/constructionpart.tex
(./solutions/1/1/figs/constructionpic.tex)
Overfull \hbox (9.19553pt too wide) detected at line 15
 []$[]  \OT1/txr/bx/n/12 B \OT1/txr/m/n/12 = [] \OML/txmi/m/it/12 ; \OT1/txr/bx
/n/12 C \OT1/txr/m/n/12 = [] \OML/txmi/m/it/12 ; \OT1/txr/bx/n/12 A \OT1/txr/m/
n/12 = \OML/txmi/m/it/12 a []$ [][][]  []  
 []

) (./solutions/1/1/chapters/solutionpart.tex)
(./solutions/1/2/chapters/construction.tex (./solutions/1/2/figs/triangle.tex)
Underfull \vbox (badness 10000) has occurred while \output is active []

 [23])
(./solutions/1/2/chapters/solution.tex)
Underfull \vbox (badness 10000) has occurred while \output is active []


(./solutions/1/23/chapters/construction.tex (./solutions/1/23/figs/quad_fig.tex
)
Underfull \vbox (badness 10000) has occurred while \output is active []

 [24])
(./solutions/1/23/chapters/solution.tex)
Underfull \vbox (badness 10000) has occurred while \output is active []


(./solutions/1/26/chapters/constr.tex (./solutions/1/26/figs/angle.tex
Missing character: There is no ; in font nullfont!
Missing character: There is no ; in font nullfont!
))
(./solutions/1/26/chapters/solution.tex
Underfull \vbox (badness 10000) has occurred while \output is active []

 [25])
(./solutions/1/28/chapters/constr.tex (./solutions/1/28/figs/triangle.tex))
(./solutions/1/28/chapters/solution.tex
Underfull \vbox (badness 10000) has occurred while \output is active []

) [26]
(./solutions/1/36/chapters/constr.tex (./solutions/1/36/figs/triangle.tex)
Underfull \vbox (badness 10000) has occurred while \output is active []

)
(./solutions/1/45/chapters/construction.tex (./solutions/1/45/figs/triangle.tex
) [27]) (./solutions/1/45/chapters/solution.tex)
(./solutions/1/47/chapters/constr.tex (./solutions/1/47/figs/prob.tex))
(./solutions/1/47/chapters/solution.tex) (./solutions/1/51/chapters/constr.tex
(./solutions/1/51/figs/constructionpic.tex)
Underfull \vbox (badness 10000) has occurred while \output is active []

 [28])
(./solutions/1/51/chapters/solution.tex)
Underfull \vbox (badness 7238) has occurred while \output is active []


Underfull \vbox (badness 10000) has occurred while \output is active []

 [29]
Underfull \vbox (badness 10000) has occurred while \output is active []



LaTeX Warning: Command \textendash invalid in math mode on input line 310.


LaTeX Warning: Command \textendash invalid in math mode on input line 310.


LaTeX Warning: Command \textendash invalid in math mode on input line 310.


LaTeX Warning: Command \textendash invalid in math mode on input line 327.


Underfull \vbox (badness 10000) has occurred while \output is active []

 [30]

LaTeX Warning: Command \textendash invalid in math mode on input line 332.

) (./chapters/exercises/tri_geo_const.tex (./figs/triangle/Triangle.tex
\gnumericTableWidth=\skip89
\gnumericTableWidthComplete=\skip90
\gnumericMultiRowLength=\skip91
\gnumericColA=\skip92
\gnumericColB=\skip93
\gnumericColC=\skip94
\gnumericColD=\skip95
\gnumericColE=\skip96
\gnumericColF=\skip97

Overfull \hbox (23.39996pt too wide) in paragraph at lines 158--323
[][] 
 []

)) (./chapters/exercises/quad_geo_exer.tex [31]
Underfull \hbox (badness 2495) in paragraph at lines 46--48
[]\OT1/txr/m/n/12 In $\OMS/txsy/m/n/12 4\OML/txmi/m/it/12 ABC$ \OT1/txr/m/n/12 
and $\OMS/txsy/m/n/12 4\OML/txmi/m/it/12 DEF; AB \OT1/txr/m/n/12 = \OML/txmi/m/
it/12 DE; AB \OMS/txsy/m/n/12 k
 []


Underfull \vbox (badness 10000) has occurred while \output is active []


Underfull \vbox (badness 10000) has occurred while \output is active []

 [32]
Underfull \vbox (badness 10000) has occurred while \output is active []


Underfull \vbox (badness 10000) has occurred while \output is active []

 [33]
(./solutions/3/57/chapters/solution.tex
Underfull \hbox (badness 10000) in paragraph at lines 198--8
\OT1/txr/bx/n/12 Solution: \OT1/txr/m/n/12 Let the mea-sure of an-gles
 []


Underfull \hbox (badness 5533) in paragraph at lines 198--8
[]\OML/txmi/m/it/12 ; []; []; []$ \OT1/txr/m/n/12 of a quadri-lat-eral are 3x,
 []


Underfull \vbox (badness 10000) has occurred while \output is active []

))
(./chapters/exercises/quad_geo_const.tex
Underfull \hbox (badness 1430) in paragraph at lines 9--10
[]\OT1/txr/m/n/12 Construct a quadri-lat-eral $\OML/txmi/m/it/12 ABCD$ \OT1/txr
/m/n/12 such that
 []


Underfull \hbox (badness 1472) in paragraph at lines 15--16
[]\OT1/txr/m/n/12 Can you con-struct the above quadri-lat-eral
 []


Underfull \hbox (badness 2111) in paragraph at lines 18--19
[]\OT1/txr/m/n/12 Construct $\OML/txmi/m/it/12 PLAN$ \OT1/txr/m/n/12 where $\OM
L/txmi/m/it/12 PL \OT1/txr/m/n/12 = 4\OML/txmi/m/it/12 ; LA \OT1/txr/m/n/12 =
 []

[34]
Underfull \hbox (badness 1360) in paragraph at lines 21--22
[]\OT1/txr/m/n/12 Construct $\OML/txmi/m/it/12 TRUE$ \OT1/txr/m/n/12 with $\OML
/txmi/m/it/12 TR \OT1/txr/m/n/12 = 3\OML/txmi/m/it/12 :\OT1/txr/m/n/12 5\OML/tx
mi/m/it/12 ; RU \OT1/txr/m/n/12 =
 []

) (./chapters/exercises/circ_geo_exer.tex (./solutions/5/13/chapters/constr.tex
(./solutions/5/13/figs/C_circle.tex)) (./solutions/5/13/chapters/solution.tex
[35]
Underfull \vbox (badness 10000) has occurred while \output is active []


Underfull \hbox (badness 10000) in paragraph at lines 99--107
[]\OT1/txr/m/n/12 , [], [],
 []


Underfull \hbox (badness 10000) in paragraph at lines 123--126
\OT1/txr/m/n/12 From [], [] and
 []


Underfull \vbox (badness 10000) has occurred while \output is active []

 [36]
Underfull \hbox (badness 10000) in paragraph at lines 138--141
\OT1/txr/m/n/12 From [] and [],
 []

) (./solutions/5/16/chapters/constr.tex (./solutions/5/16/figs/circle.tex)
Underfull \hbox (badness 1515) in paragraph at lines 13--19
[]\OT1/txr/m/it/12 Construction: \OT1/txr/m/n/12 In Fig. [][]8.5.16[][][] the k
nown
 []


Underfull \hbox (badness 10000) in paragraph at lines 13--19

 []


Underfull \vbox (badness 10000) has occurred while \output is active []


Underfull \vbox (badness 10000) has occurred while \output is active []

 [37])
(./solutions/5/16/chapters/solution.tex) (./solutions/5/19/chapters/constr.tex
(./solutions/5/19/figs/quad.tex)
Underfull \vbox (badness 10000) has occurred while \output is active []


Underfull \vbox (badness 10000) has occurred while \output is active []

 [38])
(./solutions/5/19/chapters/solution.tex)
Underfull \vbox (badness 10000) has occurred while \output is active []


(./solutions/5/39/chapters/constr.tex (./solutions/5/39/figs/step3.tex)
Underfull \vbox (badness 10000) has occurred while \output is active []

 [39])
(./solutions/5/39/chapters/solution.tex) (./solutions/5/40/chapters/constr.tex
(./solutions/5/40/figs/circle.tex)
Underfull \vbox (badness 3068) has occurred while \output is active []

)
(./solutions/5/40/chapters/solution.tex
Underfull \vbox (badness 10000) has occurred while \output is active []

 [40])
(./solutions/5/43/chapters/construction.tex
(./solutions/5/43/figs/trapezium_altitude_fig.tex))
(./solutions/5/43/chapters/solution.tex
Underfull \hbox (badness 10000) in paragraph at lines 26--29
\OT1/txr/m/n/12 Substituting val-ues from [],
 []

)
Underfull \vbox (badness 10000) has occurred while \output is active []

 [41]
(./solutions/5/49/chapters/construction.tex (./solutions/5/49/figs/circle.tex)
Underfull \vbox (badness 10000) has occurred while \output is active []

)
(./solutions/5/49/chapters/solution.tex
Underfull \hbox (badness 10000) in paragraph at lines 1--6
[]\OT1/txr/m/n/12 Proof:  From [], [],
 []


Overfull \hbox (7.70888pt too wide) detected at line 14
[]
 []


Underfull \hbox (badness 10000) in paragraph at lines 32--38
\OT1/txr/m/n/12 upon sub-sti-tut-ing from [],
 []


Underfull \hbox (badness 5954) in paragraph at lines 32--38
[]\OT1/txr/m/n/12 , [], [] and
 []

)
Underfull \vbox (badness 10000) has occurred while \output is active []

 [42]

LaTeX Warning: Command \textendash invalid in math mode on input line 106.


LaTeX Warning: Command \textendash invalid in math mode on input line 106.


LaTeX Warning: Command \textendash invalid in math mode on input line 106.

) (./chapters/exercises/circ_const_exer.tex
Underfull \vbox (badness 1173) has occurred while \output is active []

 [43])
(./chapters/exercises/geo_misc.tex [44]
Underfull \vbox (badness 10000) has occurred while \output is active []

 [45]
Underfull \vbox (badness 10000) has occurred while \output is active []

 [46]
[47]
Underfull \vbox (badness 10000) has occurred while \output is active []


Underfull \vbox (badness 10000) has occurred while \output is active []

 [48]
Underfull \vbox (badness 10000) has occurred while \output is active []

 [49]
File: ./figs/11-1/5/5.6.eps Graphic file (type eps)

<./figs/11-1/5/5.6.eps>
File: ./figs/11-1/5/5.8.eps Graphic file (type eps)
 <./figs/11-1/5/5.8.eps>
File: ./figs/11-1/5/5.11.eps Graphic file (type eps)
 <./figs/11-1/5/5.11.eps>
[50]
File: ./figs/11-1/6/6.6.eps Graphic file (type eps)
 <./figs/11-1/6/6.6.eps>
File: ./figs/11-1/6/6.15.eps Graphic file (type eps)
 <./figs/11-1/6/6.15.eps>
Underfull \vbox (badness 10000) has occurred while \output is active []

 [51]
File: ./figs/11-1/6/6.16.eps Graphic file (type eps)

<./figs/11-1/6/6.16.eps>
File: ./figs/11-1/6/6.17.eps Graphic file (type eps)
 <./figs/11-1/6/6.17.eps>
File: ./figs/11-1/7/7.11.eps Graphic file (type eps)
 <./figs/11-1/7/7.11.eps>
File: ./figs/11-1/7/7.27.eps Graphic file (type eps)

<./figs/11-1/7/7.27.eps> [52]
File: ./figs/11-1/7/7.35.eps Graphic file (type eps)
 <./figs/11-1/7/7.35.eps>
LaTeX Font Info:    Trying to load font information for TS1+txr on input line 4
82.

(/data/data/com.termux/files/usr/share/texlive/texmf-dist/tex/latex/txfonts/ts1
txr.fd
File: ts1txr.fd 2000/12/15 v3.1
)
File: ./figs/11-1/7/7.39.eps Graphic file (type eps)
 <./figs/11-1/7/7.39.eps>
Underfull \vbox (badness 3354) has occurred while \output is active []

 [53]
Underfull \hbox (badness 7595) in paragraph at lines 502--503
\OT1/txr/m/n/12 with his two arms out-stretched. The
 []

File: ./figs/11-1/7/7.40.eps Graphic file (type eps)
<./figs/11-1/7/7.40.eps>
Underfull \vbox (badness 10000) has occurred while \output is active []

 [54]
File: ./figs/11-1/7/7.41.eps Graphic file (type eps)

<./figs/11-1/7/7.41.eps> [55]
File: ./figs/11-1/8/8.5.eps Graphic file (type eps)
 <./figs/11-1/8/8.5.eps>
File: ./figs/11-1/8/8.10.eps Graphic file (type eps)
 <./figs/11-1/8/8.10.eps>) [56]
Package atveryend Info: Empty hook `BeforeClearDocument' on input line 383.
Package atveryend Info: Empty hook `AfterLastShipout' on input line 383.
 (./gvv_ncert_geo.aux)
Package atveryend Info: Empty hook `AtVeryEndDocument' on input line 383.
Package atveryend Info: Executing hook `AtEndAfterFileList' on input line 383.
Package rerunfilecheck Info: File `gvv_ncert_geo.out' has not changed.
(rerunfilecheck)             Checksum: CCC68B21DB03FD9398C05DE6E29E1EB5;2417.
Package atveryend Info: Empty hook `AtVeryVeryEnd' on input line 383.
 ) 
Here is how much of TeX's memory you used:
 44212 strings out of 480609
 1031359 string characters out of 5892832
 1431856 words of memory out of 5000000
 58926 multiletter control sequences out of 15000+600000
 617538 words of font info for 233 fonts, out of 8000000 for 9000
 1144 hyphenation exceptions out of 8191
 60i,16n,100p,595b,1401s stack positions out of 5000i,500n,10000p,200000b,80000s

Output written on gvv_ncert_geo.dvi (56 pages, 1038312 bytes).
