\BOOKMARK [1][-]{section.1}{Triangle}{}% 1
\BOOKMARK [2][-]{subsection.1.1}{Problem}{section.1}% 2
\BOOKMARK [2][-]{subsection.1.2}{Solution}{section.1}% 3
\BOOKMARK [1][-]{section.2}{Quadrilateral}{}% 4
\BOOKMARK [2][-]{subsection.2.1}{Problem}{section.2}% 5
\BOOKMARK [2][-]{subsection.2.2}{Solution}{section.2}% 6
\BOOKMARK [1][-]{section.3}{Line}{}% 7
\BOOKMARK [2][-]{subsection.3.1}{Complex numbers}{section.3}% 8
\BOOKMARK [3][-]{subsubsection.3.1.1}{Problem}{subsection.3.1}% 9
\BOOKMARK [3][-]{subsubsection.3.1.2}{Solution}{subsection.3.1}% 10
\BOOKMARK [2][-]{subsection.3.2}{Points and vectors}{section.3}% 11
\BOOKMARK [3][-]{subsubsection.3.2.1}{Problem}{subsection.3.2}% 12
\BOOKMARK [3][-]{subsubsection.3.2.2}{Solution}{subsection.3.2}% 13
\BOOKMARK [2][-]{subsection.3.3}{Points on a Line}{section.3}% 14
\BOOKMARK [2][-]{subsection.3.4}{Problem}{section.3}% 15
\BOOKMARK [3][-]{subsubsection.3.4.1}{Solution}{subsection.3.4}% 16
\BOOKMARK [2][-]{subsection.3.5}{Lines and planes}{section.3}% 17
\BOOKMARK [3][-]{subsubsection.3.5.1}{Problem}{subsection.3.5}% 18
\BOOKMARK [3][-]{subsubsection.3.5.2}{Solution}{subsection.3.5}% 19
\BOOKMARK [2][-]{subsection.3.6}{Motion in a plane}{section.3}% 20
\BOOKMARK [3][-]{subsubsection.3.6.1}{Problem}{subsection.3.6}% 21
\BOOKMARK [3][-]{subsubsection.3.6.2}{Solution}{subsection.3.6}% 22
\BOOKMARK [2][-]{subsection.3.7}{Matrix}{section.3}% 23
\BOOKMARK [3][-]{subsubsection.3.7.1}{Problem}{subsection.3.7}% 24
\BOOKMARK [3][-]{subsubsection.3.7.2}{Solution}{subsection.3.7}% 25
\BOOKMARK [2][-]{subsection.3.8}{Determinants}{section.3}% 26
\BOOKMARK [3][-]{subsubsection.3.8.1}{Problem}{subsection.3.8}% 27
\BOOKMARK [3][-]{subsubsection.3.8.2}{Solution}{subsection.3.8}% 28
\BOOKMARK [2][-]{subsection.3.9}{Linear Inequalities}{section.3}% 29
\BOOKMARK [3][-]{subsubsection.3.9.1}{Problem}{subsection.3.9}% 30
\BOOKMARK [3][-]{subsubsection.3.9.2}{Solution}{subsection.3.9}% 31
\BOOKMARK [2][-]{subsection.3.10}{Miscellaneous}{section.3}% 32
\BOOKMARK [3][-]{subsubsection.3.10.1}{Problem}{subsection.3.10}% 33
\BOOKMARK [3][-]{subsubsection.3.10.2}{Solution}{subsection.3.10}% 34
\BOOKMARK [3][-]{subsubsection.3.10.3}{Proof}{subsection.3.10}% 35
\BOOKMARK [1][-]{section.4}{Circle}{}% 36
\BOOKMARK [2][-]{subsection.4.1}{Example}{section.4}% 37
\BOOKMARK [3][-]{subsubsection.4.1.1}{Problem}{subsection.4.1}% 38
\BOOKMARK [3][-]{subsubsection.4.1.2}{Solution}{subsection.4.1}% 39
\BOOKMARK [2][-]{subsection.4.2}{Exercise}{section.4}% 40
\BOOKMARK [3][-]{subsubsection.4.2.1}{Problem}{subsection.4.2}% 41
\BOOKMARK [3][-]{subsubsection.4.2.2}{Solution}{subsection.4.2}% 42
\BOOKMARK [1][-]{section.5}{Conics}{}% 43
\BOOKMARK [2][-]{subsection.5.1}{Example}{section.5}% 44
\BOOKMARK [3][-]{subsubsection.5.1.1}{Problem}{subsection.5.1}% 45
\BOOKMARK [3][-]{subsubsection.5.1.2}{Solution}{subsection.5.1}% 46
\BOOKMARK [2][-]{subsection.5.2}{Exercise}{section.5}% 47
\BOOKMARK [3][-]{subsubsection.5.2.1}{Problem}{subsection.5.2}% 48
\BOOKMARK [3][-]{subsubsection.5.2.2}{Solution}{subsection.5.2}% 49
